[  -12779ms] [WARNING] [Cloudflare Turnstile] Unable to find onload callback 'onloadTurnstileCallback' immediately after loading, expected 'function', got 'undefined'. @ https://challenges.cloudflare.com/turnstile/v0/api.js?onload=onloadTurnstileCallback:0
[  -12516ms] [WARNING] Theme not initialized, using default theme as mobile @ https://static.urbanclap.com/dist-product-web/client/76354-3d7274a034cd4498d5f4.js:0
[  -12483ms] [WARNING] Theme not initialized, using default theme as mobile @ https://static.urbanclap.com/dist-product-web/client/76354-3d7274a034cd4498d5f4.js:0
[  -12392ms] [WARNING] Animated: `useNativeDriver` is not supported because the native animated module is missing. Falling back to JS-based animation. To resolve this, add `RCTAnimation` module to this app, or remove `useNativeDriver`. Make sure to run `bundle exec pod install` first. Read more about autolinking: https://github.com/react-native-community/cli/blob/master/docs/autolinking.md @ https://static.urbanclap.com/dist-product-web/client/41283-77fe7b3caabf2a53630e.js:0
[  -11740ms] [WARNING] [Cloudflare Turnstile] Unable to find onload callback 'onloadTurnstileCallback' after 1 second, expected 'function', got 'undefined'. @ https://challenges.cloudflare.com/turnstile/v0/api.js?onload=onloadTurnstileCallback:0
[  -10604ms] [LOG] countryId IND @ https://static.urbanclap.com/dist-product-web/client/1003-85f413c1c9f090808bcb.js:149
[   31941ms] Uncaught (in promise) ReferenceError: Cannot access 'r' before initialization
    at <anonymous> (https://static.urbanclap.com/dist-product-web/client/orion-9afc0bcaa656317a1604.js:142:2516)
    at <anonymous> (https://static.urbanclap.com/dist-product-web/client/orion-9afc0bcaa656317a1604.js:142:2437)
    at execute (https://static.urbanclap.com/dist-product-web/client/orion-9afc0bcaa656317a1604.js:142:2420)
    at <anonymous> (https://static.urbanclap.com/dist-product-web/client/orion-9afc0bcaa656317a1604.js:162:7547)
    at <anonymous> (https://static.urbanclap.com/dist-product-web/client/orion-9afc0bcaa656317a1604.js:162:7577)
    at S (https://static.urbanclap.com/dist-product-web/client/1003-85f413c1c9f090808bcb.js:149:78279)
[   46524ms] [WARNING] value is same @ https://static.urbanclap.com/dist-product-web/client/orion-9afc0bcaa656317a1604.js:162
[   46525ms] [WARNING] value is same @ https://static.urbanclap.com/dist-product-web/client/orion-9afc0bcaa656317a1604.js:162
[   46525ms] [WARNING] value is same @ https://static.urbanclap.com/dist-product-web/client/orion-9afc0bcaa656317a1604.js:162
[   46525ms] [WARNING] value is same @ https://static.urbanclap.com/dist-product-web/client/orion-9afc0bcaa656317a1604.js:162
[   46525ms] [WARNING] value is same @ https://static.urbanclap.com/dist-product-web/client/orion-9afc0bcaa656317a1604.js:162
[   46525ms] [WARNING] value is same @ https://static.urbanclap.com/dist-product-web/client/orion-9afc0bcaa656317a1604.js:162
[   46525ms] [WARNING] value is same @ https://static.urbanclap.com/dist-product-web/client/orion-9afc0bcaa656317a1604.js:162
[   46525ms] [WARNING] value is same @ https://static.urbanclap.com/dist-product-web/client/orion-9afc0bcaa656317a1604.js:162
[   46525ms] [WARNING] value is same @ https://static.urbanclap.com/dist-product-web/client/orion-9afc0bcaa656317a1604.js:162
[   46525ms] [WARNING] value is same @ https://static.urbanclap.com/dist-product-web/client/orion-9afc0bcaa656317a1604.js:162
[   46525ms] [WARNING] value is same @ https://static.urbanclap.com/dist-product-web/client/orion-9afc0bcaa656317a1604.js:162
[   46525ms] [WARNING] value is same @ https://static.urbanclap.com/dist-product-web/client/orion-9afc0bcaa656317a1604.js:162
[   53222ms] [WARNING] value is same @ https://static.urbanclap.com/dist-product-web/client/orion-9afc0bcaa656317a1604.js:162
[   55585ms] [WARNING] value is same @ https://static.urbanclap.com/dist-product-web/client/orion-9afc0bcaa656317a1604.js:162
[   55585ms] [WARNING] value is same @ https://static.urbanclap.com/dist-product-web/client/orion-9afc0bcaa656317a1604.js:162
[   55615ms] [WARNING] value is same @ https://static.urbanclap.com/dist-product-web/client/orion-9afc0bcaa656317a1604.js:162
[   55617ms] Uncaught (in promise) ReferenceError: Cannot access 'r' before initialization
    at <anonymous> (https://static.urbanclap.com/dist-product-web/client/orion-9afc0bcaa656317a1604.js:142:2516)
    at <anonymous> (https://static.urbanclap.com/dist-product-web/client/orion-9afc0bcaa656317a1604.js:142:2437)
    at execute (https://static.urbanclap.com/dist-product-web/client/orion-9afc0bcaa656317a1604.js:142:2420)
    at <anonymous> (https://static.urbanclap.com/dist-product-web/client/orion-9afc0bcaa656317a1604.js:162:7547)
    at <anonymous> (https://static.urbanclap.com/dist-product-web/client/orion-9afc0bcaa656317a1604.js:162:7577)
    at st (https://static.urbanclap.com/dist-product-web/client/MF-CustomerRequestJourney-a313ef4e854c7bfd381e.js:0:30556)
[   56374ms] [WARNING] value is same @ https://static.urbanclap.com/dist-product-web/client/orion-9afc0bcaa656317a1604.js:162
[   56374ms] [WARNING] value is same @ https://static.urbanclap.com/dist-product-web/client/orion-9afc0bcaa656317a1604.js:162
[   56374ms] [WARNING] value is same @ https://static.urbanclap.com/dist-product-web/client/orion-9afc0bcaa656317a1604.js:162
[   56375ms] [WARNING] value is same @ https://static.urbanclap.com/dist-product-web/client/orion-9afc0bcaa656317a1604.js:162
[   56375ms] [WARNING] value is same @ https://static.urbanclap.com/dist-product-web/client/orion-9afc0bcaa656317a1604.js:162
[   56375ms] [WARNING] value is same @ https://static.urbanclap.com/dist-product-web/client/orion-9afc0bcaa656317a1604.js:162
[   56375ms] [WARNING] value is same @ https://static.urbanclap.com/dist-product-web/client/orion-9afc0bcaa656317a1604.js:162
[   56375ms] [WARNING] value is same @ https://static.urbanclap.com/dist-product-web/client/orion-9afc0bcaa656317a1604.js:162
[   56375ms] [WARNING] value is same @ https://static.urbanclap.com/dist-product-web/client/orion-9afc0bcaa656317a1604.js:162
[   56375ms] [WARNING] value is same @ https://static.urbanclap.com/dist-product-web/client/orion-9afc0bcaa656317a1604.js:162
[   56375ms] [WARNING] value is same @ https://static.urbanclap.com/dist-product-web/client/orion-9afc0bcaa656317a1604.js:162
[   56375ms] [WARNING] value is same @ https://static.urbanclap.com/dist-product-web/client/orion-9afc0bcaa656317a1604.js:162
[   56375ms] [WARNING] value is same @ https://static.urbanclap.com/dist-product-web/client/orion-9afc0bcaa656317a1604.js:162
[   56375ms] [WARNING] value is same @ https://static.urbanclap.com/dist-product-web/client/orion-9afc0bcaa656317a1604.js:162
[   56375ms] [WARNING] value is same @ https://static.urbanclap.com/dist-product-web/client/orion-9afc0bcaa656317a1604.js:162
[   56375ms] [WARNING] value is same @ https://static.urbanclap.com/dist-product-web/client/orion-9afc0bcaa656317a1604.js:162
[   56375ms] [WARNING] value is same @ https://static.urbanclap.com/dist-product-web/client/orion-9afc0bcaa656317a1604.js:162
[   56375ms] [WARNING] value is same @ https://static.urbanclap.com/dist-product-web/client/orion-9afc0bcaa656317a1604.js:162
[   56375ms] [WARNING] value is same @ https://static.urbanclap.com/dist-product-web/client/orion-9afc0bcaa656317a1604.js:162
[   56375ms] [WARNING] value is same @ https://static.urbanclap.com/dist-product-web/client/orion-9afc0bcaa656317a1604.js:162
[   56375ms] [WARNING] value is same @ https://static.urbanclap.com/dist-product-web/client/orion-9afc0bcaa656317a1604.js:162
[   56375ms] [WARNING] value is same @ https://static.urbanclap.com/dist-product-web/client/orion-9afc0bcaa656317a1604.js:162
[   56375ms] [WARNING] value is same @ https://static.urbanclap.com/dist-product-web/client/orion-9afc0bcaa656317a1604.js:162
[   56375ms] [WARNING] value is same @ https://static.urbanclap.com/dist-product-web/client/orion-9afc0bcaa656317a1604.js:162
[   56375ms] [WARNING] value is same @ https://static.urbanclap.com/dist-product-web/client/orion-9afc0bcaa656317a1604.js:162
[   56375ms] [WARNING] value is same @ https://static.urbanclap.com/dist-product-web/client/orion-9afc0bcaa656317a1604.js:162
[   56375ms] [WARNING] value is same @ https://static.urbanclap.com/dist-product-web/client/orion-9afc0bcaa656317a1604.js:162
[   56375ms] [WARNING] value is same @ https://static.urbanclap.com/dist-product-web/client/orion-9afc0bcaa656317a1604.js:162
[   56375ms] [WARNING] value is same @ https://static.urbanclap.com/dist-product-web/client/orion-9afc0bcaa656317a1604.js:162
[   56375ms] [WARNING] value is same @ https://static.urbanclap.com/dist-product-web/client/orion-9afc0bcaa656317a1604.js:162
[   56375ms] [WARNING] value is same @ https://static.urbanclap.com/dist-product-web/client/orion-9afc0bcaa656317a1604.js:162
[   56375ms] [WARNING] value is same @ https://static.urbanclap.com/dist-product-web/client/orion-9afc0bcaa656317a1604.js:162
[   56375ms] [WARNING] value is same @ https://static.urbanclap.com/dist-product-web/client/orion-9afc0bcaa656317a1604.js:162
[   56375ms] [WARNING] value is same @ https://static.urbanclap.com/dist-product-web/client/orion-9afc0bcaa656317a1604.js:162
[   56375ms] [WARNING] value is same @ https://static.urbanclap.com/dist-product-web/client/orion-9afc0bcaa656317a1604.js:162
[   56375ms] [WARNING] value is same @ https://static.urbanclap.com/dist-product-web/client/orion-9afc0bcaa656317a1604.js:162
[   56375ms] [WARNING] value is same @ https://static.urbanclap.com/dist-product-web/client/orion-9afc0bcaa656317a1604.js:162
[   56375ms] [WARNING] value is same @ https://static.urbanclap.com/dist-product-web/client/orion-9afc0bcaa656317a1604.js:162
[   56375ms] [WARNING] value is same @ https://static.urbanclap.com/dist-product-web/client/orion-9afc0bcaa656317a1604.js:162
[   56375ms] [WARNING] value is same @ https://static.urbanclap.com/dist-product-web/client/orion-9afc0bcaa656317a1604.js:162
[   56375ms] [WARNING] value is same @ https://static.urbanclap.com/dist-product-web/client/orion-9afc0bcaa656317a1604.js:162
[   56375ms] [WARNING] value is same @ https://static.urbanclap.com/dist-product-web/client/orion-9afc0bcaa656317a1604.js:162
[   56375ms] [WARNING] value is same @ https://static.urbanclap.com/dist-product-web/client/orion-9afc0bcaa656317a1604.js:162
[   56375ms] [WARNING] value is same @ https://static.urbanclap.com/dist-product-web/client/orion-9afc0bcaa656317a1604.js:162
[   56376ms] [WARNING] value is same @ https://static.urbanclap.com/dist-product-web/client/orion-9afc0bcaa656317a1604.js:162
[   56376ms] [WARNING] value is same @ https://static.urbanclap.com/dist-product-web/client/orion-9afc0bcaa656317a1604.js:162
[   56376ms] [WARNING] value is same @ https://static.urbanclap.com/dist-product-web/client/orion-9afc0bcaa656317a1604.js:162
[   56376ms] [WARNING] value is same @ https://static.urbanclap.com/dist-product-web/client/orion-9afc0bcaa656317a1604.js:162
[   56376ms] [WARNING] value is same @ https://static.urbanclap.com/dist-product-web/client/orion-9afc0bcaa656317a1604.js:162
[   56376ms] [WARNING] value is same @ https://static.urbanclap.com/dist-product-web/client/orion-9afc0bcaa656317a1604.js:162
[   56376ms] [WARNING] value is same @ https://static.urbanclap.com/dist-product-web/client/orion-9afc0bcaa656317a1604.js:162
[   56376ms] [WARNING] value is same @ https://static.urbanclap.com/dist-product-web/client/orion-9afc0bcaa656317a1604.js:162
[   56376ms] [WARNING] value is same @ https://static.urbanclap.com/dist-product-web/client/orion-9afc0bcaa656317a1604.js:162
[   56376ms] [WARNING] value is same @ https://static.urbanclap.com/dist-product-web/client/orion-9afc0bcaa656317a1604.js:162
[   56376ms] [WARNING] value is same @ https://static.urbanclap.com/dist-product-web/client/orion-9afc0bcaa656317a1604.js:162
[   56376ms] [WARNING] value is same @ https://static.urbanclap.com/dist-product-web/client/orion-9afc0bcaa656317a1604.js:162
[   56376ms] [WARNING] value is same @ https://static.urbanclap.com/dist-product-web/client/orion-9afc0bcaa656317a1604.js:162
[   56376ms] [WARNING] value is same @ https://static.urbanclap.com/dist-product-web/client/orion-9afc0bcaa656317a1604.js:162
[   56376ms] [WARNING] value is same @ https://static.urbanclap.com/dist-product-web/client/orion-9afc0bcaa656317a1604.js:162
[   56376ms] [WARNING] value is same @ https://static.urbanclap.com/dist-product-web/client/orion-9afc0bcaa656317a1604.js:162
[   56376ms] [WARNING] value is same @ https://static.urbanclap.com/dist-product-web/client/orion-9afc0bcaa656317a1604.js:162
[   56376ms] [WARNING] value is same @ https://static.urbanclap.com/dist-product-web/client/orion-9afc0bcaa656317a1604.js:162
[   56376ms] [WARNING] value is same @ https://static.urbanclap.com/dist-product-web/client/orion-9afc0bcaa656317a1604.js:162
[   56376ms] [WARNING] value is same @ https://static.urbanclap.com/dist-product-web/client/orion-9afc0bcaa656317a1604.js:162
[   56376ms] [WARNING] value is same @ https://static.urbanclap.com/dist-product-web/client/orion-9afc0bcaa656317a1604.js:162
[   56376ms] [WARNING] value is same @ https://static.urbanclap.com/dist-product-web/client/orion-9afc0bcaa656317a1604.js:162
[   56376ms] [WARNING] value is same @ https://static.urbanclap.com/dist-product-web/client/orion-9afc0bcaa656317a1604.js:162
[   56376ms] [WARNING] value is same @ https://static.urbanclap.com/dist-product-web/client/orion-9afc0bcaa656317a1604.js:162
[   56376ms] [WARNING] value is same @ https://static.urbanclap.com/dist-product-web/client/orion-9afc0bcaa656317a1604.js:162
[   56376ms] [WARNING] value is same @ https://static.urbanclap.com/dist-product-web/client/orion-9afc0bcaa656317a1604.js:162
[   56376ms] [WARNING] value is same @ https://static.urbanclap.com/dist-product-web/client/orion-9afc0bcaa656317a1604.js:162
[   56376ms] [WARNING] value is same @ https://static.urbanclap.com/dist-product-web/client/orion-9afc0bcaa656317a1604.js:162
[   56376ms] [WARNING] value is same @ https://static.urbanclap.com/dist-product-web/client/orion-9afc0bcaa656317a1604.js:162
[   56376ms] [WARNING] value is same @ https://static.urbanclap.com/dist-product-web/client/orion-9afc0bcaa656317a1604.js:162
[   56376ms] [WARNING] value is same @ https://static.urbanclap.com/dist-product-web/client/orion-9afc0bcaa656317a1604.js:162
[   56376ms] [WARNING] value is same @ https://static.urbanclap.com/dist-product-web/client/orion-9afc0bcaa656317a1604.js:162
[   56376ms] [WARNING] value is same @ https://static.urbanclap.com/dist-product-web/client/orion-9afc0bcaa656317a1604.js:162
[   56376ms] [WARNING] value is same @ https://static.urbanclap.com/dist-product-web/client/orion-9afc0bcaa656317a1604.js:162
[   56376ms] [WARNING] value is same @ https://static.urbanclap.com/dist-product-web/client/orion-9afc0bcaa656317a1604.js:162
[   56376ms] [WARNING] value is same @ https://static.urbanclap.com/dist-product-web/client/orion-9afc0bcaa656317a1604.js:162
[   56376ms] [WARNING] value is same @ https://static.urbanclap.com/dist-product-web/client/orion-9afc0bcaa656317a1604.js:162
[   56376ms] [WARNING] value is same @ https://static.urbanclap.com/dist-product-web/client/orion-9afc0bcaa656317a1604.js:162
[   56376ms] [WARNING] value is same @ https://static.urbanclap.com/dist-product-web/client/orion-9afc0bcaa656317a1604.js:162
[   56376ms] [WARNING] value is same @ https://static.urbanclap.com/dist-product-web/client/orion-9afc0bcaa656317a1604.js:162
[   56376ms] [WARNING] value is same @ https://static.urbanclap.com/dist-product-web/client/orion-9afc0bcaa656317a1604.js:162
[   56376ms] [WARNING] value is same @ https://static.urbanclap.com/dist-product-web/client/orion-9afc0bcaa656317a1604.js:162
[   56376ms] [WARNING] value is same @ https://static.urbanclap.com/dist-product-web/client/orion-9afc0bcaa656317a1604.js:162
[   56377ms] [WARNING] value is same @ https://static.urbanclap.com/dist-product-web/client/orion-9afc0bcaa656317a1604.js:162
[   56377ms] [WARNING] value is same @ https://static.urbanclap.com/dist-product-web/client/orion-9afc0bcaa656317a1604.js:162
[   56377ms] [WARNING] value is same @ https://static.urbanclap.com/dist-product-web/client/orion-9afc0bcaa656317a1604.js:162
[   56377ms] [WARNING] value is same @ https://static.urbanclap.com/dist-product-web/client/orion-9afc0bcaa656317a1604.js:162
[   56377ms] [WARNING] value is same @ https://static.urbanclap.com/dist-product-web/client/orion-9afc0bcaa656317a1604.js:162
[   56377ms] [WARNING] value is same @ https://static.urbanclap.com/dist-product-web/client/orion-9afc0bcaa656317a1604.js:162
[   56377ms] [WARNING] value is same @ https://static.urbanclap.com/dist-product-web/client/orion-9afc0bcaa656317a1604.js:162
[   56377ms] [WARNING] value is same @ https://static.urbanclap.com/dist-product-web/client/orion-9afc0bcaa656317a1604.js:162
[   56377ms] [WARNING] value is same @ https://static.urbanclap.com/dist-product-web/client/orion-9afc0bcaa656317a1604.js:162
[   56377ms] [WARNING] value is same @ https://static.urbanclap.com/dist-product-web/client/orion-9afc0bcaa656317a1604.js:162
[   56377ms] [WARNING] value is same @ https://static.urbanclap.com/dist-product-web/client/orion-9afc0bcaa656317a1604.js:162
[   56377ms] [WARNING] value is same @ https://static.urbanclap.com/dist-product-web/client/orion-9afc0bcaa656317a1604.js:162
[   56435ms] Uncaught (in promise) ReferenceError: Cannot access 'r' before initialization
    at <anonymous> (https://static.urbanclap.com/dist-product-web/client/orion-9afc0bcaa656317a1604.js:142:2516)
    at <anonymous> (https://static.urbanclap.com/dist-product-web/client/orion-9afc0bcaa656317a1604.js:142:2437)
    at execute (https://static.urbanclap.com/dist-product-web/client/orion-9afc0bcaa656317a1604.js:142:2420)
    at <anonymous> (https://static.urbanclap.com/dist-product-web/client/orion-9afc0bcaa656317a1604.js:162:7547)
    at <anonymous> (https://static.urbanclap.com/dist-product-web/client/orion-9afc0bcaa656317a1604.js:162:7577)
    at C (https://static.urbanclap.com/dist-product-web/client/1003-85f413c1c9f090808bcb.js:149:431917)
    at v (https://static.urbanclap.com/dist-product-web/client/1003-85f413c1c9f090808bcb.js:149:431469)
[   71517ms] [WARNING] value is same @ https://static.urbanclap.com/dist-product-web/client/orion-9afc0bcaa656317a1604.js:162
[   80549ms] [WARNING] value is same @ https://static.urbanclap.com/dist-product-web/client/orion-9afc0bcaa656317a1604.js:162
[   80549ms] [WARNING] value is same @ https://static.urbanclap.com/dist-product-web/client/orion-9afc0bcaa656317a1604.js:162
