[   -6980ms] [WARNING] [Cloudflare Turnstile] Unable to find onload callback 'onloadTurnstileCallback' immediately after loading, expected 'function', got 'undefined'. @ https://challenges.cloudflare.com/turnstile/v0/api.js?onload=onloadTurnstileCallback:0
[   -6918ms] [WARNING] Theme not initialized, using default theme as mobile @ https://static.urbanclap.com/dist-product-web/client/76354-3d7274a034cd4498d5f4.js:0
[   -6892ms] [WARNING] Animated: `useNativeDriver` is not supported because the native animated module is missing. Falling back to JS-based animation. To resolve this, add `RCTAnimation` module to this app, or remove `useNativeDriver`. Make sure to run `bundle exec pod install` first. Read more about autolinking: https://github.com/react-native-community/cli/blob/master/docs/autolinking.md @ https://static.urbanclap.com/dist-product-web/client/41283-77fe7b3caabf2a53630e.js:0
[   -5979ms] [WARNING] [Cloudflare Turnstile] Unable to find onload callback 'onloadTurnstileCallback' after 1 second, expected 'function', got 'undefined'. @ https://challenges.cloudflare.com/turnstile/v0/api.js?onload=onloadTurnstileCallback:0
[   -5534ms] [LOG] countryId IND @ https://static.urbanclap.com/dist-product-web/client/1003-85f413c1c9f090808bcb.js:149
[    2675ms] Uncaught (in promise) ReferenceError: Cannot access 'r' before initialization
    at <anonymous> (https://static.urbanclap.com/dist-product-web/client/orion-9afc0bcaa656317a1604.js:142:2516)
    at <anonymous> (https://static.urbanclap.com/dist-product-web/client/orion-9afc0bcaa656317a1604.js:142:2437)
    at execute (https://static.urbanclap.com/dist-product-web/client/orion-9afc0bcaa656317a1604.js:142:2420)
    at <anonymous> (https://static.urbanclap.com/dist-product-web/client/orion-9afc0bcaa656317a1604.js:162:7547)
    at <anonymous> (https://static.urbanclap.com/dist-product-web/client/orion-9afc0bcaa656317a1604.js:162:7577)
    at R (https://static.urbanclap.com/dist-product-web/client/1003-85f413c1c9f090808bcb.js:149:155266)
    at Cart/UpdateCartItemOutput (https://static.urbanclap.com/dist-product-web/client/MF-CustomerRequestJourney-a313ef4e854c7bfd381e.js:0:179604)
    at <anonymous> (https://static.urbanclap.com/dist-product-web/client/orion-9afc0bcaa656317a1604.js:37:8695)
    at <anonymous> (https://static.urbanclap.com/dist-product-web/client/orion-9afc0bcaa656317a1604.js:0:107087)
    at <anonymous> (https://static.urbanclap.com/dist-product-web/client/orion-9afc0bcaa656317a1604.js:0:107064)
    at emit (https://static.urbanclap.com/dist-product-web/client/orion-9afc0bcaa656317a1604.js:37:2876)
    at <anonymous> (https://static.urbanclap.com/dist-product-web/client/orion-9afc0bcaa656317a1604.js:162:21659)
    at <anonymous> (https://static.urbanclap.com/dist-product-web/client/orion-9afc0bcaa656317a1604.js:162:21482)
    at Cart/UpdateCartItem (https://static.urbanclap.com/dist-product-web/client/MF-CustomerRequestJourney-a313ef4e854c7bfd381e.js:0:381596)
    at <anonymous> (https://static.urbanclap.com/dist-product-web/client/orion-9afc0bcaa656317a1604.js:162:22386)
    at Promise.journeyId (https://static.urbanclap.com/dist-product-web/client/orion-9afc0bcaa656317a1604.js:162:20732)
    at u (https://static.urbanclap.com/dist-product-web/client/44827-b47a75f9546078a2c162.js:644:3462)
    at y (https://static.urbanclap.com/dist-product-web/client/44827-b47a75f9546078a2c162.js:644:4210)
    at P.be.leading (https://static.urbanclap.com/dist-product-web/client/44827-b47a75f9546078a2c162.js:660:2575)
    at m (https://static.urbanclap.com/dist-product-web/client/39896-aa6a4506467f39a33e6d.js:1:65450)
    at <anonymous> (https://static.urbanclap.com/dist-product-web/client/39896-aa6a4506467f39a33e6d.js:1:65828)
    at A (https://static.urbanclap.com/dist-product-web/client/39896-aa6a4506467f39a33e6d.js:1:65835)
    at <anonymous> (https://static.urbanclap.com/dist-product-web/client/44827-b47a75f9546078a2c162.js:903:12648)
[    4101ms] [WARNING] value is same @ https://static.urbanclap.com/dist-product-web/client/orion-9afc0bcaa656317a1604.js:162
[    4101ms] [WARNING] value is same @ https://static.urbanclap.com/dist-product-web/client/orion-9afc0bcaa656317a1604.js:162
[    4101ms] [WARNING] value is same @ https://static.urbanclap.com/dist-product-web/client/orion-9afc0bcaa656317a1604.js:162
[    4101ms] [WARNING] value is same @ https://static.urbanclap.com/dist-product-web/client/orion-9afc0bcaa656317a1604.js:162
[    4101ms] [WARNING] value is same @ https://static.urbanclap.com/dist-product-web/client/orion-9afc0bcaa656317a1604.js:162
[    4101ms] [WARNING] value is same @ https://static.urbanclap.com/dist-product-web/client/orion-9afc0bcaa656317a1604.js:162
[    4101ms] [WARNING] value is same @ https://static.urbanclap.com/dist-product-web/client/orion-9afc0bcaa656317a1604.js:162
[    4101ms] [WARNING] value is same @ https://static.urbanclap.com/dist-product-web/client/orion-9afc0bcaa656317a1604.js:162
[    4101ms] [WARNING] value is same @ https://static.urbanclap.com/dist-product-web/client/orion-9afc0bcaa656317a1604.js:162
[    4101ms] [WARNING] value is same @ https://static.urbanclap.com/dist-product-web/client/orion-9afc0bcaa656317a1604.js:162
[    4101ms] [WARNING] value is same @ https://static.urbanclap.com/dist-product-web/client/orion-9afc0bcaa656317a1604.js:162
[    4101ms] [WARNING] value is same @ https://static.urbanclap.com/dist-product-web/client/orion-9afc0bcaa656317a1604.js:162
[    4102ms] [WARNING] value is same @ https://static.urbanclap.com/dist-product-web/client/orion-9afc0bcaa656317a1604.js:162
[    4102ms] [WARNING] value is same @ https://static.urbanclap.com/dist-product-web/client/orion-9afc0bcaa656317a1604.js:162
[    4102ms] [WARNING] value is same @ https://static.urbanclap.com/dist-product-web/client/orion-9afc0bcaa656317a1604.js:162
[    4102ms] [WARNING] value is same @ https://static.urbanclap.com/dist-product-web/client/orion-9afc0bcaa656317a1604.js:162
[    4102ms] [WARNING] value is same @ https://static.urbanclap.com/dist-product-web/client/orion-9afc0bcaa656317a1604.js:162
[    4102ms] [WARNING] value is same @ https://static.urbanclap.com/dist-product-web/client/orion-9afc0bcaa656317a1604.js:162
[    4102ms] [WARNING] value is same @ https://static.urbanclap.com/dist-product-web/client/orion-9afc0bcaa656317a1604.js:162
[    4102ms] [WARNING] value is same @ https://static.urbanclap.com/dist-product-web/client/orion-9afc0bcaa656317a1604.js:162
[    4102ms] [WARNING] value is same @ https://static.urbanclap.com/dist-product-web/client/orion-9afc0bcaa656317a1604.js:162
[    4102ms] [WARNING] value is same @ https://static.urbanclap.com/dist-product-web/client/orion-9afc0bcaa656317a1604.js:162
[    4102ms] [WARNING] value is same @ https://static.urbanclap.com/dist-product-web/client/orion-9afc0bcaa656317a1604.js:162
[    4102ms] [WARNING] value is same @ https://static.urbanclap.com/dist-product-web/client/orion-9afc0bcaa656317a1604.js:162
[    4102ms] [WARNING] value is same @ https://static.urbanclap.com/dist-product-web/client/orion-9afc0bcaa656317a1604.js:162
[    4102ms] [WARNING] value is same @ https://static.urbanclap.com/dist-product-web/client/orion-9afc0bcaa656317a1604.js:162
[    4102ms] [WARNING] value is same @ https://static.urbanclap.com/dist-product-web/client/orion-9afc0bcaa656317a1604.js:162
[    4102ms] [WARNING] value is same @ https://static.urbanclap.com/dist-product-web/client/orion-9afc0bcaa656317a1604.js:162
[    4102ms] [WARNING] value is same @ https://static.urbanclap.com/dist-product-web/client/orion-9afc0bcaa656317a1604.js:162
[    4102ms] [WARNING] value is same @ https://static.urbanclap.com/dist-product-web/client/orion-9afc0bcaa656317a1604.js:162
[    4103ms] [WARNING] value is same @ https://static.urbanclap.com/dist-product-web/client/orion-9afc0bcaa656317a1604.js:162
[    4103ms] [WARNING] value is same @ https://static.urbanclap.com/dist-product-web/client/orion-9afc0bcaa656317a1604.js:162
[    4103ms] [WARNING] value is same @ https://static.urbanclap.com/dist-product-web/client/orion-9afc0bcaa656317a1604.js:162
[    4103ms] [WARNING] value is same @ https://static.urbanclap.com/dist-product-web/client/orion-9afc0bcaa656317a1604.js:162
[    4103ms] [WARNING] value is same @ https://static.urbanclap.com/dist-product-web/client/orion-9afc0bcaa656317a1604.js:162
[    4103ms] [WARNING] value is same @ https://static.urbanclap.com/dist-product-web/client/orion-9afc0bcaa656317a1604.js:162
[    4103ms] [WARNING] value is same @ https://static.urbanclap.com/dist-product-web/client/orion-9afc0bcaa656317a1604.js:162
[    4103ms] [WARNING] value is same @ https://static.urbanclap.com/dist-product-web/client/orion-9afc0bcaa656317a1604.js:162
[    4103ms] [WARNING] value is same @ https://static.urbanclap.com/dist-product-web/client/orion-9afc0bcaa656317a1604.js:162
[    4103ms] [WARNING] value is same @ https://static.urbanclap.com/dist-product-web/client/orion-9afc0bcaa656317a1604.js:162
[    4103ms] [WARNING] value is same @ https://static.urbanclap.com/dist-product-web/client/orion-9afc0bcaa656317a1604.js:162
[    4103ms] [WARNING] value is same @ https://static.urbanclap.com/dist-product-web/client/orion-9afc0bcaa656317a1604.js:162
[    4103ms] [WARNING] value is same @ https://static.urbanclap.com/dist-product-web/client/orion-9afc0bcaa656317a1604.js:162
[    4103ms] [WARNING] value is same @ https://static.urbanclap.com/dist-product-web/client/orion-9afc0bcaa656317a1604.js:162
[    4103ms] [WARNING] value is same @ https://static.urbanclap.com/dist-product-web/client/orion-9afc0bcaa656317a1604.js:162
[    4103ms] [WARNING] value is same @ https://static.urbanclap.com/dist-product-web/client/orion-9afc0bcaa656317a1604.js:162
[    4103ms] [WARNING] value is same @ https://static.urbanclap.com/dist-product-web/client/orion-9afc0bcaa656317a1604.js:162
[    4103ms] [WARNING] value is same @ https://static.urbanclap.com/dist-product-web/client/orion-9afc0bcaa656317a1604.js:162
[    4104ms] [WARNING] value is same @ https://static.urbanclap.com/dist-product-web/client/orion-9afc0bcaa656317a1604.js:162
[    4104ms] [WARNING] value is same @ https://static.urbanclap.com/dist-product-web/client/orion-9afc0bcaa656317a1604.js:162
[    4104ms] [WARNING] value is same @ https://static.urbanclap.com/dist-product-web/client/orion-9afc0bcaa656317a1604.js:162
[    4104ms] [WARNING] value is same @ https://static.urbanclap.com/dist-product-web/client/orion-9afc0bcaa656317a1604.js:162
[    4104ms] [WARNING] value is same @ https://static.urbanclap.com/dist-product-web/client/orion-9afc0bcaa656317a1604.js:162
[    4104ms] [WARNING] value is same @ https://static.urbanclap.com/dist-product-web/client/orion-9afc0bcaa656317a1604.js:162
[    4104ms] [WARNING] value is same @ https://static.urbanclap.com/dist-product-web/client/orion-9afc0bcaa656317a1604.js:162
[    4104ms] [WARNING] value is same @ https://static.urbanclap.com/dist-product-web/client/orion-9afc0bcaa656317a1604.js:162
[    4104ms] [WARNING] value is same @ https://static.urbanclap.com/dist-product-web/client/orion-9afc0bcaa656317a1604.js:162
[    4104ms] [WARNING] value is same @ https://static.urbanclap.com/dist-product-web/client/orion-9afc0bcaa656317a1604.js:162
[    4104ms] [WARNING] value is same @ https://static.urbanclap.com/dist-product-web/client/orion-9afc0bcaa656317a1604.js:162
[    4104ms] [WARNING] value is same @ https://static.urbanclap.com/dist-product-web/client/orion-9afc0bcaa656317a1604.js:162
[    4104ms] [WARNING] value is same @ https://static.urbanclap.com/dist-product-web/client/orion-9afc0bcaa656317a1604.js:162
[    4104ms] [WARNING] value is same @ https://static.urbanclap.com/dist-product-web/client/orion-9afc0bcaa656317a1604.js:162
[    4104ms] [WARNING] value is same @ https://static.urbanclap.com/dist-product-web/client/orion-9afc0bcaa656317a1604.js:162
[    4104ms] [WARNING] value is same @ https://static.urbanclap.com/dist-product-web/client/orion-9afc0bcaa656317a1604.js:162
[    4104ms] [WARNING] value is same @ https://static.urbanclap.com/dist-product-web/client/orion-9afc0bcaa656317a1604.js:162
[    4104ms] [WARNING] value is same @ https://static.urbanclap.com/dist-product-web/client/orion-9afc0bcaa656317a1604.js:162
[    4105ms] [WARNING] value is same @ https://static.urbanclap.com/dist-product-web/client/orion-9afc0bcaa656317a1604.js:162
[    4105ms] [WARNING] value is same @ https://static.urbanclap.com/dist-product-web/client/orion-9afc0bcaa656317a1604.js:162
[    4105ms] [WARNING] value is same @ https://static.urbanclap.com/dist-product-web/client/orion-9afc0bcaa656317a1604.js:162
[    4105ms] [WARNING] value is same @ https://static.urbanclap.com/dist-product-web/client/orion-9afc0bcaa656317a1604.js:162
[    4105ms] [WARNING] value is same @ https://static.urbanclap.com/dist-product-web/client/orion-9afc0bcaa656317a1604.js:162
[    4105ms] [WARNING] value is same @ https://static.urbanclap.com/dist-product-web/client/orion-9afc0bcaa656317a1604.js:162
[    4105ms] [WARNING] value is same @ https://static.urbanclap.com/dist-product-web/client/orion-9afc0bcaa656317a1604.js:162
[    4105ms] [WARNING] value is same @ https://static.urbanclap.com/dist-product-web/client/orion-9afc0bcaa656317a1604.js:162
[    4105ms] [WARNING] value is same @ https://static.urbanclap.com/dist-product-web/client/orion-9afc0bcaa656317a1604.js:162
[    4105ms] [WARNING] value is same @ https://static.urbanclap.com/dist-product-web/client/orion-9afc0bcaa656317a1604.js:162
[    4105ms] [WARNING] value is same @ https://static.urbanclap.com/dist-product-web/client/orion-9afc0bcaa656317a1604.js:162
[    4105ms] [WARNING] value is same @ https://static.urbanclap.com/dist-product-web/client/orion-9afc0bcaa656317a1604.js:162
[    4105ms] [WARNING] value is same @ https://static.urbanclap.com/dist-product-web/client/orion-9afc0bcaa656317a1604.js:162
[    4105ms] [WARNING] value is same @ https://static.urbanclap.com/dist-product-web/client/orion-9afc0bcaa656317a1604.js:162
[    4105ms] [WARNING] value is same @ https://static.urbanclap.com/dist-product-web/client/orion-9afc0bcaa656317a1604.js:162
[    4105ms] [WARNING] value is same @ https://static.urbanclap.com/dist-product-web/client/orion-9afc0bcaa656317a1604.js:162
[    4105ms] [WARNING] value is same @ https://static.urbanclap.com/dist-product-web/client/orion-9afc0bcaa656317a1604.js:162
[    4105ms] [WARNING] value is same @ https://static.urbanclap.com/dist-product-web/client/orion-9afc0bcaa656317a1604.js:162
[    4106ms] [WARNING] value is same @ https://static.urbanclap.com/dist-product-web/client/orion-9afc0bcaa656317a1604.js:162
[    4106ms] [WARNING] value is same @ https://static.urbanclap.com/dist-product-web/client/orion-9afc0bcaa656317a1604.js:162
[    4106ms] [WARNING] value is same @ https://static.urbanclap.com/dist-product-web/client/orion-9afc0bcaa656317a1604.js:162
[    4106ms] [WARNING] value is same @ https://static.urbanclap.com/dist-product-web/client/orion-9afc0bcaa656317a1604.js:162
[    4106ms] [WARNING] value is same @ https://static.urbanclap.com/dist-product-web/client/orion-9afc0bcaa656317a1604.js:162
[    4106ms] [WARNING] value is same @ https://static.urbanclap.com/dist-product-web/client/orion-9afc0bcaa656317a1604.js:162
[    4106ms] [WARNING] value is same @ https://static.urbanclap.com/dist-product-web/client/orion-9afc0bcaa656317a1604.js:162
[    4106ms] [WARNING] value is same @ https://static.urbanclap.com/dist-product-web/client/orion-9afc0bcaa656317a1604.js:162
[    4106ms] [WARNING] value is same @ https://static.urbanclap.com/dist-product-web/client/orion-9afc0bcaa656317a1604.js:162
[    4106ms] [WARNING] value is same @ https://static.urbanclap.com/dist-product-web/client/orion-9afc0bcaa656317a1604.js:162
[    4106ms] [WARNING] value is same @ https://static.urbanclap.com/dist-product-web/client/orion-9afc0bcaa656317a1604.js:162
[    4106ms] [WARNING] value is same @ https://static.urbanclap.com/dist-product-web/client/orion-9afc0bcaa656317a1604.js:162
[    4106ms] [WARNING] value is same @ https://static.urbanclap.com/dist-product-web/client/orion-9afc0bcaa656317a1604.js:162
[    4106ms] [WARNING] value is same @ https://static.urbanclap.com/dist-product-web/client/orion-9afc0bcaa656317a1604.js:162
[    4106ms] [WARNING] value is same @ https://static.urbanclap.com/dist-product-web/client/orion-9afc0bcaa656317a1604.js:162
[    4106ms] [WARNING] value is same @ https://static.urbanclap.com/dist-product-web/client/orion-9afc0bcaa656317a1604.js:162
[    4106ms] [WARNING] value is same @ https://static.urbanclap.com/dist-product-web/client/orion-9afc0bcaa656317a1604.js:162
[    4106ms] [WARNING] value is same @ https://static.urbanclap.com/dist-product-web/client/orion-9afc0bcaa656317a1604.js:162
[    4107ms] [WARNING] value is same @ https://static.urbanclap.com/dist-product-web/client/orion-9afc0bcaa656317a1604.js:162
[    4107ms] [WARNING] value is same @ https://static.urbanclap.com/dist-product-web/client/orion-9afc0bcaa656317a1604.js:162
[    4107ms] [WARNING] value is same @ https://static.urbanclap.com/dist-product-web/client/orion-9afc0bcaa656317a1604.js:162
[    4107ms] [WARNING] value is same @ https://static.urbanclap.com/dist-product-web/client/orion-9afc0bcaa656317a1604.js:162
[    4107ms] [WARNING] value is same @ https://static.urbanclap.com/dist-product-web/client/orion-9afc0bcaa656317a1604.js:162
[    4107ms] [WARNING] value is same @ https://static.urbanclap.com/dist-product-web/client/orion-9afc0bcaa656317a1604.js:162
[    4107ms] [WARNING] value is same @ https://static.urbanclap.com/dist-product-web/client/orion-9afc0bcaa656317a1604.js:162
[    4107ms] [WARNING] value is same @ https://static.urbanclap.com/dist-product-web/client/orion-9afc0bcaa656317a1604.js:162
[    4107ms] [WARNING] value is same @ https://static.urbanclap.com/dist-product-web/client/orion-9afc0bcaa656317a1604.js:162
[    4107ms] [WARNING] value is same @ https://static.urbanclap.com/dist-product-web/client/orion-9afc0bcaa656317a1604.js:162
[    4107ms] [WARNING] value is same @ https://static.urbanclap.com/dist-product-web/client/orion-9afc0bcaa656317a1604.js:162
[    4107ms] [WARNING] value is same @ https://static.urbanclap.com/dist-product-web/client/orion-9afc0bcaa656317a1604.js:162
[    4107ms] [WARNING] value is same @ https://static.urbanclap.com/dist-product-web/client/orion-9afc0bcaa656317a1604.js:162
[    4107ms] [WARNING] value is same @ https://static.urbanclap.com/dist-product-web/client/orion-9afc0bcaa656317a1604.js:162
[    4107ms] [WARNING] value is same @ https://static.urbanclap.com/dist-product-web/client/orion-9afc0bcaa656317a1604.js:162
[    4107ms] [WARNING] value is same @ https://static.urbanclap.com/dist-product-web/client/orion-9afc0bcaa656317a1604.js:162
[    4107ms] [WARNING] value is same @ https://static.urbanclap.com/dist-product-web/client/orion-9afc0bcaa656317a1604.js:162
[    4107ms] [WARNING] value is same @ https://static.urbanclap.com/dist-product-web/client/orion-9afc0bcaa656317a1604.js:162
[    4113ms] Uncaught (in promise) ReferenceError: Cannot access 'r' before initialization
    at <anonymous> (https://static.urbanclap.com/dist-product-web/client/orion-9afc0bcaa656317a1604.js:142:2516)
    at <anonymous> (https://static.urbanclap.com/dist-product-web/client/orion-9afc0bcaa656317a1604.js:142:2437)
    at execute (https://static.urbanclap.com/dist-product-web/client/orion-9afc0bcaa656317a1604.js:142:2420)
    at <anonymous> (https://static.urbanclap.com/dist-product-web/client/orion-9afc0bcaa656317a1604.js:162:7547)
    at <anonymous> (https://static.urbanclap.com/dist-product-web/client/orion-9afc0bcaa656317a1604.js:162:7577)
    at D (https://static.urbanclap.com/dist-product-web/client/1003-85f413c1c9f090808bcb.js:149:155541)
    at Cart/UpdateCartItemOutput (https://static.urbanclap.com/dist-product-web/client/MF-CustomerRequestJourney-a313ef4e854c7bfd381e.js:0:179778)
[    8563ms] Uncaught (in promise) ReferenceError: Cannot access 'r' before initialization
    at <anonymous> (https://static.urbanclap.com/dist-product-web/client/orion-9afc0bcaa656317a1604.js:142:2516)
    at <anonymous> (https://static.urbanclap.com/dist-product-web/client/orion-9afc0bcaa656317a1604.js:142:2437)
    at execute (https://static.urbanclap.com/dist-product-web/client/orion-9afc0bcaa656317a1604.js:142:2420)
    at <anonymous> (https://static.urbanclap.com/dist-product-web/client/orion-9afc0bcaa656317a1604.js:162:7547)
    at <anonymous> (https://static.urbanclap.com/dist-product-web/client/orion-9afc0bcaa656317a1604.js:162:7577)
    at S (https://static.urbanclap.com/dist-product-web/client/1003-85f413c1c9f090808bcb.js:149:78279)
[   28652ms] [WARNING] value is same @ https://static.urbanclap.com/dist-product-web/client/orion-9afc0bcaa656317a1604.js:162
[   28652ms] [WARNING] value is same @ https://static.urbanclap.com/dist-product-web/client/orion-9afc0bcaa656317a1604.js:162
[   28652ms] [WARNING] value is same @ https://static.urbanclap.com/dist-product-web/client/orion-9afc0bcaa656317a1604.js:162
[   28652ms] [WARNING] value is same @ https://static.urbanclap.com/dist-product-web/client/orion-9afc0bcaa656317a1604.js:162
[   28652ms] [WARNING] value is same @ https://static.urbanclap.com/dist-product-web/client/orion-9afc0bcaa656317a1604.js:162
[   28652ms] [WARNING] value is same @ https://static.urbanclap.com/dist-product-web/client/orion-9afc0bcaa656317a1604.js:162
[   28653ms] [WARNING] value is same @ https://static.urbanclap.com/dist-product-web/client/orion-9afc0bcaa656317a1604.js:162
[   28653ms] [WARNING] value is same @ https://static.urbanclap.com/dist-product-web/client/orion-9afc0bcaa656317a1604.js:162
[   28653ms] [WARNING] value is same @ https://static.urbanclap.com/dist-product-web/client/orion-9afc0bcaa656317a1604.js:162
[   28653ms] [WARNING] value is same @ https://static.urbanclap.com/dist-product-web/client/orion-9afc0bcaa656317a1604.js:162
[   28653ms] [WARNING] value is same @ https://static.urbanclap.com/dist-product-web/client/orion-9afc0bcaa656317a1604.js:162
[   40366ms] [WARNING] value is same @ https://static.urbanclap.com/dist-product-web/client/orion-9afc0bcaa656317a1604.js:162
[   42515ms] [WARNING] value is same @ https://static.urbanclap.com/dist-product-web/client/orion-9afc0bcaa656317a1604.js:162
[   42515ms] [WARNING] value is same @ https://static.urbanclap.com/dist-product-web/client/orion-9afc0bcaa656317a1604.js:162
[   42554ms] [WARNING] value is same @ https://static.urbanclap.com/dist-product-web/client/orion-9afc0bcaa656317a1604.js:162
[   42557ms] Uncaught (in promise) ReferenceError: Cannot access 'r' before initialization
    at <anonymous> (https://static.urbanclap.com/dist-product-web/client/orion-9afc0bcaa656317a1604.js:142:2516)
    at <anonymous> (https://static.urbanclap.com/dist-product-web/client/orion-9afc0bcaa656317a1604.js:142:2437)
    at execute (https://static.urbanclap.com/dist-product-web/client/orion-9afc0bcaa656317a1604.js:142:2420)
    at <anonymous> (https://static.urbanclap.com/dist-product-web/client/orion-9afc0bcaa656317a1604.js:162:7547)
    at <anonymous> (https://static.urbanclap.com/dist-product-web/client/orion-9afc0bcaa656317a1604.js:162:7577)
    at st (https://static.urbanclap.com/dist-product-web/client/MF-CustomerRequestJourney-a313ef4e854c7bfd381e.js:0:30556)
[   43574ms] [WARNING] value is same @ https://static.urbanclap.com/dist-product-web/client/orion-9afc0bcaa656317a1604.js:162
[   43574ms] [WARNING] value is same @ https://static.urbanclap.com/dist-product-web/client/orion-9afc0bcaa656317a1604.js:162
[   43574ms] [WARNING] value is same @ https://static.urbanclap.com/dist-product-web/client/orion-9afc0bcaa656317a1604.js:162
[   43574ms] [WARNING] value is same @ https://static.urbanclap.com/dist-product-web/client/orion-9afc0bcaa656317a1604.js:162
[   43574ms] [WARNING] value is same @ https://static.urbanclap.com/dist-product-web/client/orion-9afc0bcaa656317a1604.js:162
[   43575ms] [WARNING] value is same @ https://static.urbanclap.com/dist-product-web/client/orion-9afc0bcaa656317a1604.js:162
[   43575ms] [WARNING] value is same @ https://static.urbanclap.com/dist-product-web/client/orion-9afc0bcaa656317a1604.js:162
[   43575ms] [WARNING] value is same @ https://static.urbanclap.com/dist-product-web/client/orion-9afc0bcaa656317a1604.js:162
[   43575ms] [WARNING] value is same @ https://static.urbanclap.com/dist-product-web/client/orion-9afc0bcaa656317a1604.js:162
[   43575ms] [WARNING] value is same @ https://static.urbanclap.com/dist-product-web/client/orion-9afc0bcaa656317a1604.js:162
[   43575ms] [WARNING] value is same @ https://static.urbanclap.com/dist-product-web/client/orion-9afc0bcaa656317a1604.js:162
[   43575ms] [WARNING] value is same @ https://static.urbanclap.com/dist-product-web/client/orion-9afc0bcaa656317a1604.js:162
[   43575ms] [WARNING] value is same @ https://static.urbanclap.com/dist-product-web/client/orion-9afc0bcaa656317a1604.js:162
[   43575ms] [WARNING] value is same @ https://static.urbanclap.com/dist-product-web/client/orion-9afc0bcaa656317a1604.js:162
[   43575ms] [WARNING] value is same @ https://static.urbanclap.com/dist-product-web/client/orion-9afc0bcaa656317a1604.js:162
[   43575ms] [WARNING] value is same @ https://static.urbanclap.com/dist-product-web/client/orion-9afc0bcaa656317a1604.js:162
[   43576ms] [WARNING] value is same @ https://static.urbanclap.com/dist-product-web/client/orion-9afc0bcaa656317a1604.js:162
[   43576ms] [WARNING] value is same @ https://static.urbanclap.com/dist-product-web/client/orion-9afc0bcaa656317a1604.js:162
[   43576ms] [WARNING] value is same @ https://static.urbanclap.com/dist-product-web/client/orion-9afc0bcaa656317a1604.js:162
[   43576ms] [WARNING] value is same @ https://static.urbanclap.com/dist-product-web/client/orion-9afc0bcaa656317a1604.js:162
[   43576ms] [WARNING] value is same @ https://static.urbanclap.com/dist-product-web/client/orion-9afc0bcaa656317a1604.js:162
[   43576ms] [WARNING] value is same @ https://static.urbanclap.com/dist-product-web/client/orion-9afc0bcaa656317a1604.js:162
[   43576ms] [WARNING] value is same @ https://static.urbanclap.com/dist-product-web/client/orion-9afc0bcaa656317a1604.js:162
[   43576ms] [WARNING] value is same @ https://static.urbanclap.com/dist-product-web/client/orion-9afc0bcaa656317a1604.js:162
[   43576ms] [WARNING] value is same @ https://static.urbanclap.com/dist-product-web/client/orion-9afc0bcaa656317a1604.js:162
[   43576ms] [WARNING] value is same @ https://static.urbanclap.com/dist-product-web/client/orion-9afc0bcaa656317a1604.js:162
[   43576ms] [WARNING] value is same @ https://static.urbanclap.com/dist-product-web/client/orion-9afc0bcaa656317a1604.js:162
[   43576ms] [WARNING] value is same @ https://static.urbanclap.com/dist-product-web/client/orion-9afc0bcaa656317a1604.js:162
[   43576ms] [WARNING] value is same @ https://static.urbanclap.com/dist-product-web/client/orion-9afc0bcaa656317a1604.js:162
[   43576ms] [WARNING] value is same @ https://static.urbanclap.com/dist-product-web/client/orion-9afc0bcaa656317a1604.js:162
[   43576ms] [WARNING] value is same @ https://static.urbanclap.com/dist-product-web/client/orion-9afc0bcaa656317a1604.js:162
[   43576ms] [WARNING] value is same @ https://static.urbanclap.com/dist-product-web/client/orion-9afc0bcaa656317a1604.js:162
[   43576ms] [WARNING] value is same @ https://static.urbanclap.com/dist-product-web/client/orion-9afc0bcaa656317a1604.js:162
[   43576ms] [WARNING] value is same @ https://static.urbanclap.com/dist-product-web/client/orion-9afc0bcaa656317a1604.js:162
[   43576ms] [WARNING] value is same @ https://static.urbanclap.com/dist-product-web/client/orion-9afc0bcaa656317a1604.js:162
[   43577ms] [WARNING] value is same @ https://static.urbanclap.com/dist-product-web/client/orion-9afc0bcaa656317a1604.js:162
[   43577ms] [WARNING] value is same @ https://static.urbanclap.com/dist-product-web/client/orion-9afc0bcaa656317a1604.js:162
[   43577ms] [WARNING] value is same @ https://static.urbanclap.com/dist-product-web/client/orion-9afc0bcaa656317a1604.js:162
[   43577ms] [WARNING] value is same @ https://static.urbanclap.com/dist-product-web/client/orion-9afc0bcaa656317a1604.js:162
[   43577ms] [WARNING] value is same @ https://static.urbanclap.com/dist-product-web/client/orion-9afc0bcaa656317a1604.js:162
[   43577ms] [WARNING] value is same @ https://static.urbanclap.com/dist-product-web/client/orion-9afc0bcaa656317a1604.js:162
[   43577ms] [WARNING] value is same @ https://static.urbanclap.com/dist-product-web/client/orion-9afc0bcaa656317a1604.js:162
[   43577ms] [WARNING] value is same @ https://static.urbanclap.com/dist-product-web/client/orion-9afc0bcaa656317a1604.js:162
[   43577ms] [WARNING] value is same @ https://static.urbanclap.com/dist-product-web/client/orion-9afc0bcaa656317a1604.js:162
[   43577ms] [WARNING] value is same @ https://static.urbanclap.com/dist-product-web/client/orion-9afc0bcaa656317a1604.js:162
[   43577ms] [WARNING] value is same @ https://static.urbanclap.com/dist-product-web/client/orion-9afc0bcaa656317a1604.js:162
[   43577ms] [WARNING] value is same @ https://static.urbanclap.com/dist-product-web/client/orion-9afc0bcaa656317a1604.js:162
[   43577ms] [WARNING] value is same @ https://static.urbanclap.com/dist-product-web/client/orion-9afc0bcaa656317a1604.js:162
[   43577ms] [WARNING] value is same @ https://static.urbanclap.com/dist-product-web/client/orion-9afc0bcaa656317a1604.js:162
[   43577ms] [WARNING] value is same @ https://static.urbanclap.com/dist-product-web/client/orion-9afc0bcaa656317a1604.js:162
[   43577ms] [WARNING] value is same @ https://static.urbanclap.com/dist-product-web/client/orion-9afc0bcaa656317a1604.js:162
[   43577ms] [WARNING] value is same @ https://static.urbanclap.com/dist-product-web/client/orion-9afc0bcaa656317a1604.js:162
[   43577ms] [WARNING] value is same @ https://static.urbanclap.com/dist-product-web/client/orion-9afc0bcaa656317a1604.js:162
[   43578ms] [WARNING] value is same @ https://static.urbanclap.com/dist-product-web/client/orion-9afc0bcaa656317a1604.js:162
[   43578ms] [WARNING] value is same @ https://static.urbanclap.com/dist-product-web/client/orion-9afc0bcaa656317a1604.js:162
[   43578ms] [WARNING] value is same @ https://static.urbanclap.com/dist-product-web/client/orion-9afc0bcaa656317a1604.js:162
[   43578ms] [WARNING] value is same @ https://static.urbanclap.com/dist-product-web/client/orion-9afc0bcaa656317a1604.js:162
[   43578ms] [WARNING] value is same @ https://static.urbanclap.com/dist-product-web/client/orion-9afc0bcaa656317a1604.js:162
[   43578ms] [WARNING] value is same @ https://static.urbanclap.com/dist-product-web/client/orion-9afc0bcaa656317a1604.js:162
[   43578ms] [WARNING] value is same @ https://static.urbanclap.com/dist-product-web/client/orion-9afc0bcaa656317a1604.js:162
[   43578ms] [WARNING] value is same @ https://static.urbanclap.com/dist-product-web/client/orion-9afc0bcaa656317a1604.js:162
[   43578ms] [WARNING] value is same @ https://static.urbanclap.com/dist-product-web/client/orion-9afc0bcaa656317a1604.js:162
[   43578ms] [WARNING] value is same @ https://static.urbanclap.com/dist-product-web/client/orion-9afc0bcaa656317a1604.js:162
[   43578ms] [WARNING] value is same @ https://static.urbanclap.com/dist-product-web/client/orion-9afc0bcaa656317a1604.js:162
[   43578ms] [WARNING] value is same @ https://static.urbanclap.com/dist-product-web/client/orion-9afc0bcaa656317a1604.js:162
[   43578ms] [WARNING] value is same @ https://static.urbanclap.com/dist-product-web/client/orion-9afc0bcaa656317a1604.js:162
[   43578ms] [WARNING] value is same @ https://static.urbanclap.com/dist-product-web/client/orion-9afc0bcaa656317a1604.js:162
[   43578ms] [WARNING] value is same @ https://static.urbanclap.com/dist-product-web/client/orion-9afc0bcaa656317a1604.js:162
[   43578ms] [WARNING] value is same @ https://static.urbanclap.com/dist-product-web/client/orion-9afc0bcaa656317a1604.js:162
[   43578ms] [WARNING] value is same @ https://static.urbanclap.com/dist-product-web/client/orion-9afc0bcaa656317a1604.js:162
[   43578ms] [WARNING] value is same @ https://static.urbanclap.com/dist-product-web/client/orion-9afc0bcaa656317a1604.js:162
[   43578ms] [WARNING] value is same @ https://static.urbanclap.com/dist-product-web/client/orion-9afc0bcaa656317a1604.js:162
[   43578ms] [WARNING] value is same @ https://static.urbanclap.com/dist-product-web/client/orion-9afc0bcaa656317a1604.js:162
[   43578ms] [WARNING] value is same @ https://static.urbanclap.com/dist-product-web/client/orion-9afc0bcaa656317a1604.js:162
[   43579ms] [WARNING] value is same @ https://static.urbanclap.com/dist-product-web/client/orion-9afc0bcaa656317a1604.js:162
[   43579ms] [WARNING] value is same @ https://static.urbanclap.com/dist-product-web/client/orion-9afc0bcaa656317a1604.js:162
[   43579ms] [WARNING] value is same @ https://static.urbanclap.com/dist-product-web/client/orion-9afc0bcaa656317a1604.js:162
[   43579ms] [WARNING] value is same @ https://static.urbanclap.com/dist-product-web/client/orion-9afc0bcaa656317a1604.js:162
[   43579ms] [WARNING] value is same @ https://static.urbanclap.com/dist-product-web/client/orion-9afc0bcaa656317a1604.js:162
[   43579ms] [WARNING] value is same @ https://static.urbanclap.com/dist-product-web/client/orion-9afc0bcaa656317a1604.js:162
[   43579ms] [WARNING] value is same @ https://static.urbanclap.com/dist-product-web/client/orion-9afc0bcaa656317a1604.js:162
[   43579ms] [WARNING] value is same @ https://static.urbanclap.com/dist-product-web/client/orion-9afc0bcaa656317a1604.js:162
[   43579ms] [WARNING] value is same @ https://static.urbanclap.com/dist-product-web/client/orion-9afc0bcaa656317a1604.js:162
[   43579ms] [WARNING] value is same @ https://static.urbanclap.com/dist-product-web/client/orion-9afc0bcaa656317a1604.js:162
[   43579ms] [WARNING] value is same @ https://static.urbanclap.com/dist-product-web/client/orion-9afc0bcaa656317a1604.js:162
[   43579ms] [WARNING] value is same @ https://static.urbanclap.com/dist-product-web/client/orion-9afc0bcaa656317a1604.js:162
[   43579ms] [WARNING] value is same @ https://static.urbanclap.com/dist-product-web/client/orion-9afc0bcaa656317a1604.js:162
[   43579ms] [WARNING] value is same @ https://static.urbanclap.com/dist-product-web/client/orion-9afc0bcaa656317a1604.js:162
[   43579ms] [WARNING] value is same @ https://static.urbanclap.com/dist-product-web/client/orion-9afc0bcaa656317a1604.js:162
[   43579ms] [WARNING] value is same @ https://static.urbanclap.com/dist-product-web/client/orion-9afc0bcaa656317a1604.js:162
[   43579ms] [WARNING] value is same @ https://static.urbanclap.com/dist-product-web/client/orion-9afc0bcaa656317a1604.js:162
[   43579ms] [WARNING] value is same @ https://static.urbanclap.com/dist-product-web/client/orion-9afc0bcaa656317a1604.js:162
[   43580ms] [WARNING] value is same @ https://static.urbanclap.com/dist-product-web/client/orion-9afc0bcaa656317a1604.js:162
[   43580ms] [WARNING] value is same @ https://static.urbanclap.com/dist-product-web/client/orion-9afc0bcaa656317a1604.js:162
[   43675ms] Uncaught (in promise) ReferenceError: Cannot access 'r' before initialization
    at <anonymous> (https://static.urbanclap.com/dist-product-web/client/orion-9afc0bcaa656317a1604.js:142:2516)
    at <anonymous> (https://static.urbanclap.com/dist-product-web/client/orion-9afc0bcaa656317a1604.js:142:2437)
    at execute (https://static.urbanclap.com/dist-product-web/client/orion-9afc0bcaa656317a1604.js:142:2420)
    at <anonymous> (https://static.urbanclap.com/dist-product-web/client/orion-9afc0bcaa656317a1604.js:162:7547)
    at <anonymous> (https://static.urbanclap.com/dist-product-web/client/orion-9afc0bcaa656317a1604.js:162:7577)
    at C (https://static.urbanclap.com/dist-product-web/client/1003-85f413c1c9f090808bcb.js:149:431917)
    at v (https://static.urbanclap.com/dist-product-web/client/1003-85f413c1c9f090808bcb.js:149:431469)
[   72281ms] [WARNING] value is same @ https://static.urbanclap.com/dist-product-web/client/orion-9afc0bcaa656317a1604.js:162
[   88006ms] [WARNING] value is same @ https://static.urbanclap.com/dist-product-web/client/orion-9afc0bcaa656317a1604.js:162
[   94959ms] [WARNING] value is same @ https://static.urbanclap.com/dist-product-web/client/orion-9afc0bcaa656317a1604.js:162
[   94959ms] [WARNING] value is same @ https://static.urbanclap.com/dist-product-web/client/orion-9afc0bcaa656317a1604.js:162
