[    3294ms] [WARNING] [Cloudflare Turnstile] Unable to find onload callback 'onloadTurnstileCallback' immediately after loading, expected 'function', got 'undefined'. @ https://challenges.cloudflare.com/turnstile/v0/api.js?onload=onloadTurnstileCallback:0
[    3947ms] [WARNING] Animated: `useNativeDriver` is not supported because the native animated module is missing. Falling back to JS-based animation. To resolve this, add `RCTAnimation` module to this app, or remove `useNativeDriver`. Make sure to run `bundle exec pod install` first. Read more about autolinking: https://github.com/react-native-community/cli/blob/master/docs/autolinking.md @ https://static.urbanclap.com/dist-product-web/client/41283-77fe7b3caabf2a53630e.js:0
[    4296ms] [WARNING] [Cloudflare Turnstile] Unable to find onload callback 'onloadTurnstileCallback' after 1 second, expected 'function', got 'undefined'. @ https://challenges.cloudflare.com/turnstile/v0/api.js?onload=onloadTurnstileCallback:0
[    4885ms] [LOG] countryId undefined @ https://static.urbanclap.com/dist-product-web/client/1003-85f413c1c9f090808bcb.js:149
[    4887ms] [LOG] countryId IND @ https://static.urbanclap.com/dist-product-web/client/1003-85f413c1c9f090808bcb.js:149
[    4950ms] Uncaught (in promise) ReferenceError: Cannot access 'r' before initialization
    at <anonymous> (https://static.urbanclap.com/dist-product-web/client/orion-9afc0bcaa656317a1604.js:142:2516)
    at <anonymous> (https://static.urbanclap.com/dist-product-web/client/orion-9afc0bcaa656317a1604.js:142:2437)
    at execute (https://static.urbanclap.com/dist-product-web/client/orion-9afc0bcaa656317a1604.js:142:2420)
    at <anonymous> (https://static.urbanclap.com/dist-product-web/client/orion-9afc0bcaa656317a1604.js:162:7547)
    at <anonymous> (https://static.urbanclap.com/dist-product-web/client/orion-9afc0bcaa656317a1604.js:162:7577)
    at S (https://static.urbanclap.com/dist-product-web/client/MF-Homescreen-a7ab2be6d2dcf8515830.js:0:63989)
    at didLoad (https://static.urbanclap.com/dist-product-web/client/MF-Homescreen-a7ab2be6d2dcf8515830.js:0:27858)
    at <anonymous> (https://static.urbanclap.com/dist-product-web/client/orion-9afc0bcaa656317a1604.js:0:109423)
    at t (https://static.urbanclap.com/dist-product-web/client/orion-9afc0bcaa656317a1604.js:162:14261)
    at Fa (https://static.urbanclap.com/dist-product-web/client/vendor-react-2f97f00cf3f89d682477.js:1:186576)
    at Sl (https://static.urbanclap.com/dist-product-web/client/vendor-react-2f97f00cf3f89d682477.js:1:233927)
    at wl (https://static.urbanclap.com/dist-product-web/client/vendor-react-2f97f00cf3f89d682477.js:1:233507)
    at bl (https://static.urbanclap.com/dist-product-web/client/vendor-react-2f97f00cf3f89d682477.js:1:233051)
    at <anonymous> (https://static.urbanclap.com/dist-product-web/client/vendor-react-2f97f00cf3f89d682477.js:1:244708)
    at Es (https://static.urbanclap.com/dist-product-web/client/vendor-react-2f97f00cf3f89d682477.js:1:245210)
    at as (https://static.urbanclap.com/dist-product-web/client/vendor-react-2f97f00cf3f89d682477.js:1:237774)
    at f (https://static.urbanclap.com/dist-product-web/client/60250-54e0d1074a97424cbdaa.js:1:2416211)
    at R (https://static.urbanclap.com/dist-product-web/client/60250-54e0d1074a97424cbdaa.js:1:2416766)
[    5248ms] Uncaught (in promise) ReferenceError: Cannot access 'r' before initialization
    at <anonymous> (https://static.urbanclap.com/dist-product-web/client/orion-9afc0bcaa656317a1604.js:142:2516)
    at <anonymous> (https://static.urbanclap.com/dist-product-web/client/orion-9afc0bcaa656317a1604.js:142:2437)
    at execute (https://static.urbanclap.com/dist-product-web/client/orion-9afc0bcaa656317a1604.js:142:2420)
    at <anonymous> (https://static.urbanclap.com/dist-product-web/client/orion-9afc0bcaa656317a1604.js:162:7547)
    at <anonymous> (https://static.urbanclap.com/dist-product-web/client/orion-9afc0bcaa656317a1604.js:162:7577)
    at A (https://static.urbanclap.com/dist-product-web/client/MF-Homescreen-a7ab2be6d2dcf8515830.js:0:65367)
[    5248ms] Uncaught (in promise) ReferenceError: Cannot access 'r' before initialization
    at <anonymous> (https://static.urbanclap.com/dist-product-web/client/orion-9afc0bcaa656317a1604.js:142:2516)
    at <anonymous> (https://static.urbanclap.com/dist-product-web/client/orion-9afc0bcaa656317a1604.js:142:2437)
    at execute (https://static.urbanclap.com/dist-product-web/client/orion-9afc0bcaa656317a1604.js:142:2420)
    at <anonymous> (https://static.urbanclap.com/dist-product-web/client/orion-9afc0bcaa656317a1604.js:162:7547)
    at <anonymous> (https://static.urbanclap.com/dist-product-web/client/orion-9afc0bcaa656317a1604.js:162:7577)
    at A (https://static.urbanclap.com/dist-product-web/client/MF-Homescreen-a7ab2be6d2dcf8515830.js:0:65470)
[    5248ms] Uncaught (in promise) ReferenceError: Cannot access 'r' before initialization
    at <anonymous> (https://static.urbanclap.com/dist-product-web/client/orion-9afc0bcaa656317a1604.js:142:2516)
    at <anonymous> (https://static.urbanclap.com/dist-product-web/client/orion-9afc0bcaa656317a1604.js:142:2437)
    at execute (https://static.urbanclap.com/dist-product-web/client/orion-9afc0bcaa656317a1604.js:142:2420)
    at <anonymous> (https://static.urbanclap.com/dist-product-web/client/orion-9afc0bcaa656317a1604.js:162:7547)
    at <anonymous> (https://static.urbanclap.com/dist-product-web/client/orion-9afc0bcaa656317a1604.js:162:7577)
    at A (https://static.urbanclap.com/dist-product-web/client/MF-Homescreen-a7ab2be6d2dcf8515830.js:0:65625)
[    5248ms] Uncaught (in promise) ReferenceError: Cannot access 'r' before initialization
    at <anonymous> (https://static.urbanclap.com/dist-product-web/client/orion-9afc0bcaa656317a1604.js:142:2516)
    at <anonymous> (https://static.urbanclap.com/dist-product-web/client/orion-9afc0bcaa656317a1604.js:142:2437)
    at execute (https://static.urbanclap.com/dist-product-web/client/orion-9afc0bcaa656317a1604.js:142:2420)
    at <anonymous> (https://static.urbanclap.com/dist-product-web/client/orion-9afc0bcaa656317a1604.js:162:7547)
    at <anonymous> (https://static.urbanclap.com/dist-product-web/client/orion-9afc0bcaa656317a1604.js:162:7577)
    at A (https://static.urbanclap.com/dist-product-web/client/MF-Homescreen-a7ab2be6d2dcf8515830.js:0:65730)
[    5248ms] Uncaught (in promise) ReferenceError: Cannot access 'r' before initialization
    at <anonymous> (https://static.urbanclap.com/dist-product-web/client/orion-9afc0bcaa656317a1604.js:142:2516)
    at <anonymous> (https://static.urbanclap.com/dist-product-web/client/orion-9afc0bcaa656317a1604.js:142:2437)
    at execute (https://static.urbanclap.com/dist-product-web/client/orion-9afc0bcaa656317a1604.js:142:2420)
    at <anonymous> (https://static.urbanclap.com/dist-product-web/client/orion-9afc0bcaa656317a1604.js:162:7547)
    at <anonymous> (https://static.urbanclap.com/dist-product-web/client/orion-9afc0bcaa656317a1604.js:162:7577)
    at A (https://static.urbanclap.com/dist-product-web/client/MF-Homescreen-a7ab2be6d2dcf8515830.js:0:65778)
[    5273ms] Uncaught (in promise) ReferenceError: Cannot access 'r' before initialization
    at <anonymous> (https://static.urbanclap.com/dist-product-web/client/orion-9afc0bcaa656317a1604.js:142:2516)
    at <anonymous> (https://static.urbanclap.com/dist-product-web/client/orion-9afc0bcaa656317a1604.js:142:2437)
    at execute (https://static.urbanclap.com/dist-product-web/client/orion-9afc0bcaa656317a1604.js:142:2420)
    at <anonymous> (https://static.urbanclap.com/dist-product-web/client/orion-9afc0bcaa656317a1604.js:162:7547)
    at <anonymous> (https://static.urbanclap.com/dist-product-web/client/orion-9afc0bcaa656317a1604.js:162:7577)
    at A (https://static.urbanclap.com/dist-product-web/client/MF-Homescreen-a7ab2be6d2dcf8515830.js:0:65367)
[    5273ms] Uncaught (in promise) ReferenceError: Cannot access 'r' before initialization
    at <anonymous> (https://static.urbanclap.com/dist-product-web/client/orion-9afc0bcaa656317a1604.js:142:2516)
    at <anonymous> (https://static.urbanclap.com/dist-product-web/client/orion-9afc0bcaa656317a1604.js:142:2437)
    at execute (https://static.urbanclap.com/dist-product-web/client/orion-9afc0bcaa656317a1604.js:142:2420)
    at <anonymous> (https://static.urbanclap.com/dist-product-web/client/orion-9afc0bcaa656317a1604.js:162:7547)
    at <anonymous> (https://static.urbanclap.com/dist-product-web/client/orion-9afc0bcaa656317a1604.js:162:7577)
    at A (https://static.urbanclap.com/dist-product-web/client/MF-Homescreen-a7ab2be6d2dcf8515830.js:0:65470)
[    5273ms] Uncaught (in promise) ReferenceError: Cannot access 'r' before initialization
    at <anonymous> (https://static.urbanclap.com/dist-product-web/client/orion-9afc0bcaa656317a1604.js:142:2516)
    at <anonymous> (https://static.urbanclap.com/dist-product-web/client/orion-9afc0bcaa656317a1604.js:142:2437)
    at execute (https://static.urbanclap.com/dist-product-web/client/orion-9afc0bcaa656317a1604.js:142:2420)
    at <anonymous> (https://static.urbanclap.com/dist-product-web/client/orion-9afc0bcaa656317a1604.js:162:7547)
    at <anonymous> (https://static.urbanclap.com/dist-product-web/client/orion-9afc0bcaa656317a1604.js:162:7577)
    at A (https://static.urbanclap.com/dist-product-web/client/MF-Homescreen-a7ab2be6d2dcf8515830.js:0:65625)
[    5274ms] Uncaught (in promise) ReferenceError: Cannot access 'r' before initialization
    at <anonymous> (https://static.urbanclap.com/dist-product-web/client/orion-9afc0bcaa656317a1604.js:142:2516)
    at <anonymous> (https://static.urbanclap.com/dist-product-web/client/orion-9afc0bcaa656317a1604.js:142:2437)
    at execute (https://static.urbanclap.com/dist-product-web/client/orion-9afc0bcaa656317a1604.js:142:2420)
    at <anonymous> (https://static.urbanclap.com/dist-product-web/client/orion-9afc0bcaa656317a1604.js:162:7547)
    at <anonymous> (https://static.urbanclap.com/dist-product-web/client/orion-9afc0bcaa656317a1604.js:162:7577)
    at A (https://static.urbanclap.com/dist-product-web/client/MF-Homescreen-a7ab2be6d2dcf8515830.js:0:65778)
[   15936ms] [LOG] countryId IND @ https://static.urbanclap.com/dist-product-web/client/1003-85f413c1c9f090808bcb.js:149
[   23443ms] [WARNING] value is same @ https://static.urbanclap.com/dist-product-web/client/orion-9afc0bcaa656317a1604.js:162
[   23444ms] [WARNING] value is same @ https://static.urbanclap.com/dist-product-web/client/orion-9afc0bcaa656317a1604.js:162
[   23444ms] [WARNING] value is same @ https://static.urbanclap.com/dist-product-web/client/orion-9afc0bcaa656317a1604.js:162
[   23444ms] [WARNING] value is same @ https://static.urbanclap.com/dist-product-web/client/orion-9afc0bcaa656317a1604.js:162
[   23444ms] [WARNING] value is same @ https://static.urbanclap.com/dist-product-web/client/orion-9afc0bcaa656317a1604.js:162
[   23444ms] [WARNING] value is same @ https://static.urbanclap.com/dist-product-web/client/orion-9afc0bcaa656317a1604.js:162
[   23444ms] [WARNING] value is same @ https://static.urbanclap.com/dist-product-web/client/orion-9afc0bcaa656317a1604.js:162
[   23444ms] [WARNING] value is same @ https://static.urbanclap.com/dist-product-web/client/orion-9afc0bcaa656317a1604.js:162
[   23444ms] [WARNING] value is same @ https://static.urbanclap.com/dist-product-web/client/orion-9afc0bcaa656317a1604.js:162
[   23444ms] [WARNING] value is same @ https://static.urbanclap.com/dist-product-web/client/orion-9afc0bcaa656317a1604.js:162
[   23444ms] [WARNING] value is same @ https://static.urbanclap.com/dist-product-web/client/orion-9afc0bcaa656317a1604.js:162
[   23444ms] [WARNING] value is same @ https://static.urbanclap.com/dist-product-web/client/orion-9afc0bcaa656317a1604.js:162
[   23444ms] [WARNING] value is same @ https://static.urbanclap.com/dist-product-web/client/orion-9afc0bcaa656317a1604.js:162
[   23444ms] [WARNING] value is same @ https://static.urbanclap.com/dist-product-web/client/orion-9afc0bcaa656317a1604.js:162
[   23444ms] [WARNING] value is same @ https://static.urbanclap.com/dist-product-web/client/orion-9afc0bcaa656317a1604.js:162
[   23444ms] [WARNING] value is same @ https://static.urbanclap.com/dist-product-web/client/orion-9afc0bcaa656317a1604.js:162
[   23444ms] [WARNING] value is same @ https://static.urbanclap.com/dist-product-web/client/orion-9afc0bcaa656317a1604.js:162
[   23444ms] [WARNING] value is same @ https://static.urbanclap.com/dist-product-web/client/orion-9afc0bcaa656317a1604.js:162
[   23444ms] [WARNING] value is same @ https://static.urbanclap.com/dist-product-web/client/orion-9afc0bcaa656317a1604.js:162
[   23444ms] [WARNING] value is same @ https://static.urbanclap.com/dist-product-web/client/orion-9afc0bcaa656317a1604.js:162
[   27870ms] [WARNING] value is same @ https://static.urbanclap.com/dist-product-web/client/orion-9afc0bcaa656317a1604.js:162
[   27871ms] [WARNING] value is same @ https://static.urbanclap.com/dist-product-web/client/orion-9afc0bcaa656317a1604.js:162
[   27871ms] [WARNING] value is same @ https://static.urbanclap.com/dist-product-web/client/orion-9afc0bcaa656317a1604.js:162
[   27871ms] [WARNING] value is same @ https://static.urbanclap.com/dist-product-web/client/orion-9afc0bcaa656317a1604.js:162
[   27871ms] [WARNING] value is same @ https://static.urbanclap.com/dist-product-web/client/orion-9afc0bcaa656317a1604.js:162
[   32550ms] Uncaught (in promise) ReferenceError: Cannot access 'r' before initialization
    at <anonymous> (https://static.urbanclap.com/dist-product-web/client/orion-9afc0bcaa656317a1604.js:142:2516)
    at <anonymous> (https://static.urbanclap.com/dist-product-web/client/orion-9afc0bcaa656317a1604.js:142:2437)
    at execute (https://static.urbanclap.com/dist-product-web/client/orion-9afc0bcaa656317a1604.js:142:2420)
    at <anonymous> (https://static.urbanclap.com/dist-product-web/client/orion-9afc0bcaa656317a1604.js:162:7547)
    at <anonymous> (https://static.urbanclap.com/dist-product-web/client/orion-9afc0bcaa656317a1604.js:162:7577)
    at S (https://static.urbanclap.com/dist-product-web/client/MF-Homescreen-a7ab2be6d2dcf8515830.js:0:63989)
    at y (https://static.urbanclap.com/dist-product-web/client/MF-Homescreen-a7ab2be6d2dcf8515830.js:0:64303)
    at flexibleJourneyUpdate (https://static.urbanclap.com/dist-product-web/client/MF-Homescreen-a7ab2be6d2dcf8515830.js:0:29044)
    at <anonymous> (https://static.urbanclap.com/dist-product-web/client/orion-9afc0bcaa656317a1604.js:162:13650)
    at <anonymous> (https://static.urbanclap.com/dist-product-web/client/orion-9afc0bcaa656317a1604.js:0:107087)
    at <anonymous> (https://static.urbanclap.com/dist-product-web/client/orion-9afc0bcaa656317a1604.js:0:107064)
    at <anonymous> (https://static.urbanclap.com/dist-product-web/client/orion-9afc0bcaa656317a1604.js:167:38377)
    at so (https://static.urbanclap.com/dist-product-web/client/MF-CustomerRequestJourney-a313ef4e854c7bfd381e.js:0:143982)
[   32583ms] [WARNING] value is same @ https://static.urbanclap.com/dist-product-web/client/orion-9afc0bcaa656317a1604.js:162
[   32583ms] [WARNING] value is same @ https://static.urbanclap.com/dist-product-web/client/orion-9afc0bcaa656317a1604.js:162
[   32583ms] [WARNING] value is same @ https://static.urbanclap.com/dist-product-web/client/orion-9afc0bcaa656317a1604.js:162
[   32583ms] [WARNING] value is same @ https://static.urbanclap.com/dist-product-web/client/orion-9afc0bcaa656317a1604.js:162
[   32583ms] [WARNING] value is same @ https://static.urbanclap.com/dist-product-web/client/orion-9afc0bcaa656317a1604.js:162
[   32583ms] [WARNING] value is same @ https://static.urbanclap.com/dist-product-web/client/orion-9afc0bcaa656317a1604.js:162
[   32583ms] [WARNING] value is same @ https://static.urbanclap.com/dist-product-web/client/orion-9afc0bcaa656317a1604.js:162
[   32584ms] [WARNING] value is same @ https://static.urbanclap.com/dist-product-web/client/orion-9afc0bcaa656317a1604.js:162
[   32584ms] [WARNING] value is same @ https://static.urbanclap.com/dist-product-web/client/orion-9afc0bcaa656317a1604.js:162
[   32584ms] [WARNING] value is same @ https://static.urbanclap.com/dist-product-web/client/orion-9afc0bcaa656317a1604.js:162
[   32584ms] [WARNING] value is same @ https://static.urbanclap.com/dist-product-web/client/orion-9afc0bcaa656317a1604.js:162
[   32584ms] [WARNING] value is same @ https://static.urbanclap.com/dist-product-web/client/orion-9afc0bcaa656317a1604.js:162
[   32584ms] [WARNING] value is same @ https://static.urbanclap.com/dist-product-web/client/orion-9afc0bcaa656317a1604.js:162
[   32584ms] [WARNING] value is same @ https://static.urbanclap.com/dist-product-web/client/orion-9afc0bcaa656317a1604.js:162
[   32584ms] [WARNING] value is same @ https://static.urbanclap.com/dist-product-web/client/orion-9afc0bcaa656317a1604.js:162
[   32584ms] [WARNING] value is same @ https://static.urbanclap.com/dist-product-web/client/orion-9afc0bcaa656317a1604.js:162
[   32584ms] [WARNING] value is same @ https://static.urbanclap.com/dist-product-web/client/orion-9afc0bcaa656317a1604.js:162
[   32584ms] [WARNING] value is same @ https://static.urbanclap.com/dist-product-web/client/orion-9afc0bcaa656317a1604.js:162
[   32584ms] [WARNING] value is same @ https://static.urbanclap.com/dist-product-web/client/orion-9afc0bcaa656317a1604.js:162
[   32584ms] [WARNING] value is same @ https://static.urbanclap.com/dist-product-web/client/orion-9afc0bcaa656317a1604.js:162
[   32584ms] [WARNING] value is same @ https://static.urbanclap.com/dist-product-web/client/orion-9afc0bcaa656317a1604.js:162
[   32584ms] [WARNING] value is same @ https://static.urbanclap.com/dist-product-web/client/orion-9afc0bcaa656317a1604.js:162
[   32584ms] [WARNING] value is same @ https://static.urbanclap.com/dist-product-web/client/orion-9afc0bcaa656317a1604.js:162
[   32584ms] [WARNING] value is same @ https://static.urbanclap.com/dist-product-web/client/orion-9afc0bcaa656317a1604.js:162
[   32585ms] [WARNING] value is same @ https://static.urbanclap.com/dist-product-web/client/orion-9afc0bcaa656317a1604.js:162
[   32585ms] [WARNING] value is same @ https://static.urbanclap.com/dist-product-web/client/orion-9afc0bcaa656317a1604.js:162
[   32585ms] [WARNING] value is same @ https://static.urbanclap.com/dist-product-web/client/orion-9afc0bcaa656317a1604.js:162
[   32585ms] [WARNING] value is same @ https://static.urbanclap.com/dist-product-web/client/orion-9afc0bcaa656317a1604.js:162
[   32585ms] [WARNING] value is same @ https://static.urbanclap.com/dist-product-web/client/orion-9afc0bcaa656317a1604.js:162
[   32585ms] [WARNING] value is same @ https://static.urbanclap.com/dist-product-web/client/orion-9afc0bcaa656317a1604.js:162
[   32585ms] [WARNING] value is same @ https://static.urbanclap.com/dist-product-web/client/orion-9afc0bcaa656317a1604.js:162
[   32586ms] [WARNING] value is same @ https://static.urbanclap.com/dist-product-web/client/orion-9afc0bcaa656317a1604.js:162
[   32586ms] [WARNING] value is same @ https://static.urbanclap.com/dist-product-web/client/orion-9afc0bcaa656317a1604.js:162
[   32586ms] [WARNING] value is same @ https://static.urbanclap.com/dist-product-web/client/orion-9afc0bcaa656317a1604.js:162
[   32586ms] [WARNING] value is same @ https://static.urbanclap.com/dist-product-web/client/orion-9afc0bcaa656317a1604.js:162
[   32586ms] [WARNING] value is same @ https://static.urbanclap.com/dist-product-web/client/orion-9afc0bcaa656317a1604.js:162
[   32586ms] [WARNING] value is same @ https://static.urbanclap.com/dist-product-web/client/orion-9afc0bcaa656317a1604.js:162
[   32586ms] [WARNING] value is same @ https://static.urbanclap.com/dist-product-web/client/orion-9afc0bcaa656317a1604.js:162
[   32586ms] [WARNING] value is same @ https://static.urbanclap.com/dist-product-web/client/orion-9afc0bcaa656317a1604.js:162
[   32586ms] [WARNING] value is same @ https://static.urbanclap.com/dist-product-web/client/orion-9afc0bcaa656317a1604.js:162
[   32586ms] [WARNING] value is same @ https://static.urbanclap.com/dist-product-web/client/orion-9afc0bcaa656317a1604.js:162
[   32586ms] [WARNING] value is same @ https://static.urbanclap.com/dist-product-web/client/orion-9afc0bcaa656317a1604.js:162
[   32586ms] [WARNING] value is same @ https://static.urbanclap.com/dist-product-web/client/orion-9afc0bcaa656317a1604.js:162
[   32586ms] [WARNING] value is same @ https://static.urbanclap.com/dist-product-web/client/orion-9afc0bcaa656317a1604.js:162
[   32586ms] [WARNING] value is same @ https://static.urbanclap.com/dist-product-web/client/orion-9afc0bcaa656317a1604.js:162
[   32587ms] [WARNING] value is same @ https://static.urbanclap.com/dist-product-web/client/orion-9afc0bcaa656317a1604.js:162
[   32587ms] [WARNING] value is same @ https://static.urbanclap.com/dist-product-web/client/orion-9afc0bcaa656317a1604.js:162
[   32587ms] [WARNING] value is same @ https://static.urbanclap.com/dist-product-web/client/orion-9afc0bcaa656317a1604.js:162
[   32587ms] [WARNING] value is same @ https://static.urbanclap.com/dist-product-web/client/orion-9afc0bcaa656317a1604.js:162
[   32587ms] [WARNING] value is same @ https://static.urbanclap.com/dist-product-web/client/orion-9afc0bcaa656317a1604.js:162
[   32587ms] [WARNING] value is same @ https://static.urbanclap.com/dist-product-web/client/orion-9afc0bcaa656317a1604.js:162
[   32587ms] [WARNING] value is same @ https://static.urbanclap.com/dist-product-web/client/orion-9afc0bcaa656317a1604.js:162
[   32587ms] [WARNING] value is same @ https://static.urbanclap.com/dist-product-web/client/orion-9afc0bcaa656317a1604.js:162
[   32587ms] [WARNING] value is same @ https://static.urbanclap.com/dist-product-web/client/orion-9afc0bcaa656317a1604.js:162
[   32587ms] [WARNING] value is same @ https://static.urbanclap.com/dist-product-web/client/orion-9afc0bcaa656317a1604.js:162
[   32587ms] [WARNING] value is same @ https://static.urbanclap.com/dist-product-web/client/orion-9afc0bcaa656317a1604.js:162
[   32587ms] [WARNING] value is same @ https://static.urbanclap.com/dist-product-web/client/orion-9afc0bcaa656317a1604.js:162
[   32587ms] [WARNING] value is same @ https://static.urbanclap.com/dist-product-web/client/orion-9afc0bcaa656317a1604.js:162
[   32587ms] [WARNING] value is same @ https://static.urbanclap.com/dist-product-web/client/orion-9afc0bcaa656317a1604.js:162
[   32587ms] [WARNING] value is same @ https://static.urbanclap.com/dist-product-web/client/orion-9afc0bcaa656317a1604.js:162
[   32588ms] [WARNING] value is same @ https://static.urbanclap.com/dist-product-web/client/orion-9afc0bcaa656317a1604.js:162
[   32588ms] [WARNING] value is same @ https://static.urbanclap.com/dist-product-web/client/orion-9afc0bcaa656317a1604.js:162
[   32588ms] [WARNING] value is same @ https://static.urbanclap.com/dist-product-web/client/orion-9afc0bcaa656317a1604.js:162
[   32588ms] [WARNING] value is same @ https://static.urbanclap.com/dist-product-web/client/orion-9afc0bcaa656317a1604.js:162
[   32588ms] [WARNING] value is same @ https://static.urbanclap.com/dist-product-web/client/orion-9afc0bcaa656317a1604.js:162
[   32588ms] [WARNING] value is same @ https://static.urbanclap.com/dist-product-web/client/orion-9afc0bcaa656317a1604.js:162
[   32588ms] [WARNING] value is same @ https://static.urbanclap.com/dist-product-web/client/orion-9afc0bcaa656317a1604.js:162
[   32588ms] [WARNING] value is same @ https://static.urbanclap.com/dist-product-web/client/orion-9afc0bcaa656317a1604.js:162
[   32588ms] [WARNING] value is same @ https://static.urbanclap.com/dist-product-web/client/orion-9afc0bcaa656317a1604.js:162
[   32588ms] [WARNING] value is same @ https://static.urbanclap.com/dist-product-web/client/orion-9afc0bcaa656317a1604.js:162
[   32588ms] [WARNING] value is same @ https://static.urbanclap.com/dist-product-web/client/orion-9afc0bcaa656317a1604.js:162
[   32588ms] [WARNING] value is same @ https://static.urbanclap.com/dist-product-web/client/orion-9afc0bcaa656317a1604.js:162
[   32588ms] [WARNING] value is same @ https://static.urbanclap.com/dist-product-web/client/orion-9afc0bcaa656317a1604.js:162
[   32588ms] [WARNING] value is same @ https://static.urbanclap.com/dist-product-web/client/orion-9afc0bcaa656317a1604.js:162
[   32588ms] [WARNING] value is same @ https://static.urbanclap.com/dist-product-web/client/orion-9afc0bcaa656317a1604.js:162
[   32588ms] [WARNING] value is same @ https://static.urbanclap.com/dist-product-web/client/orion-9afc0bcaa656317a1604.js:162
[   32588ms] [WARNING] value is same @ https://static.urbanclap.com/dist-product-web/client/orion-9afc0bcaa656317a1604.js:162
[   32589ms] [WARNING] value is same @ https://static.urbanclap.com/dist-product-web/client/orion-9afc0bcaa656317a1604.js:162
[   32589ms] [WARNING] value is same @ https://static.urbanclap.com/dist-product-web/client/orion-9afc0bcaa656317a1604.js:162
[   32589ms] [WARNING] value is same @ https://static.urbanclap.com/dist-product-web/client/orion-9afc0bcaa656317a1604.js:162
[   32589ms] [WARNING] value is same @ https://static.urbanclap.com/dist-product-web/client/orion-9afc0bcaa656317a1604.js:162
[   32589ms] [WARNING] value is same @ https://static.urbanclap.com/dist-product-web/client/orion-9afc0bcaa656317a1604.js:162
[   32589ms] [WARNING] value is same @ https://static.urbanclap.com/dist-product-web/client/orion-9afc0bcaa656317a1604.js:162
[   32589ms] [WARNING] value is same @ https://static.urbanclap.com/dist-product-web/client/orion-9afc0bcaa656317a1604.js:162
[   32589ms] [WARNING] value is same @ https://static.urbanclap.com/dist-product-web/client/orion-9afc0bcaa656317a1604.js:162
[   32589ms] [WARNING] value is same @ https://static.urbanclap.com/dist-product-web/client/orion-9afc0bcaa656317a1604.js:162
[   32589ms] [WARNING] value is same @ https://static.urbanclap.com/dist-product-web/client/orion-9afc0bcaa656317a1604.js:162
[   32589ms] [WARNING] value is same @ https://static.urbanclap.com/dist-product-web/client/orion-9afc0bcaa656317a1604.js:162
[   32589ms] [WARNING] value is same @ https://static.urbanclap.com/dist-product-web/client/orion-9afc0bcaa656317a1604.js:162
[   32589ms] [WARNING] value is same @ https://static.urbanclap.com/dist-product-web/client/orion-9afc0bcaa656317a1604.js:162
[   32589ms] [WARNING] value is same @ https://static.urbanclap.com/dist-product-web/client/orion-9afc0bcaa656317a1604.js:162
[   32589ms] [WARNING] value is same @ https://static.urbanclap.com/dist-product-web/client/orion-9afc0bcaa656317a1604.js:162
[   32589ms] [WARNING] value is same @ https://static.urbanclap.com/dist-product-web/client/orion-9afc0bcaa656317a1604.js:162
[   32589ms] [WARNING] value is same @ https://static.urbanclap.com/dist-product-web/client/orion-9afc0bcaa656317a1604.js:162
[   35666ms] Uncaught (in promise) ReferenceError: Cannot access 'r' before initialization
    at <anonymous> (https://static.urbanclap.com/dist-product-web/client/orion-9afc0bcaa656317a1604.js:142:2516)
    at <anonymous> (https://static.urbanclap.com/dist-product-web/client/orion-9afc0bcaa656317a1604.js:142:2437)
    at execute (https://static.urbanclap.com/dist-product-web/client/orion-9afc0bcaa656317a1604.js:142:2420)
    at <anonymous> (https://static.urbanclap.com/dist-product-web/client/orion-9afc0bcaa656317a1604.js:162:7547)
    at <anonymous> (https://static.urbanclap.com/dist-product-web/client/orion-9afc0bcaa656317a1604.js:162:7577)
    at S (https://static.urbanclap.com/dist-product-web/client/1003-85f413c1c9f090808bcb.js:149:78279)
[   45332ms] [WARNING] value is same @ https://static.urbanclap.com/dist-product-web/client/orion-9afc0bcaa656317a1604.js:162
[   45332ms] [WARNING] value is same @ https://static.urbanclap.com/dist-product-web/client/orion-9afc0bcaa656317a1604.js:162
[   45332ms] [WARNING] value is same @ https://static.urbanclap.com/dist-product-web/client/orion-9afc0bcaa656317a1604.js:162
[   45333ms] [WARNING] value is same @ https://static.urbanclap.com/dist-product-web/client/orion-9afc0bcaa656317a1604.js:162
[   45333ms] [WARNING] value is same @ https://static.urbanclap.com/dist-product-web/client/orion-9afc0bcaa656317a1604.js:162
[   45333ms] [WARNING] value is same @ https://static.urbanclap.com/dist-product-web/client/orion-9afc0bcaa656317a1604.js:162
[   45333ms] [WARNING] value is same @ https://static.urbanclap.com/dist-product-web/client/orion-9afc0bcaa656317a1604.js:162
[   45333ms] [WARNING] value is same @ https://static.urbanclap.com/dist-product-web/client/orion-9afc0bcaa656317a1604.js:162
[   45333ms] [WARNING] value is same @ https://static.urbanclap.com/dist-product-web/client/orion-9afc0bcaa656317a1604.js:162
[   45333ms] [WARNING] value is same @ https://static.urbanclap.com/dist-product-web/client/orion-9afc0bcaa656317a1604.js:162
[   45333ms] [WARNING] value is same @ https://static.urbanclap.com/dist-product-web/client/orion-9afc0bcaa656317a1604.js:162
[   53622ms] [WARNING] value is same @ https://static.urbanclap.com/dist-product-web/client/orion-9afc0bcaa656317a1604.js:162
[   64853ms] [WARNING] value is same @ https://static.urbanclap.com/dist-product-web/client/orion-9afc0bcaa656317a1604.js:162
[   64853ms] [WARNING] value is same @ https://static.urbanclap.com/dist-product-web/client/orion-9afc0bcaa656317a1604.js:162
[   64853ms] [WARNING] value is same @ https://static.urbanclap.com/dist-product-web/client/orion-9afc0bcaa656317a1604.js:162
[   64853ms] [WARNING] value is same @ https://static.urbanclap.com/dist-product-web/client/orion-9afc0bcaa656317a1604.js:162
[   64853ms] [WARNING] value is same @ https://static.urbanclap.com/dist-product-web/client/orion-9afc0bcaa656317a1604.js:162
[   64853ms] [WARNING] value is same @ https://static.urbanclap.com/dist-product-web/client/orion-9afc0bcaa656317a1604.js:162
[   64853ms] [WARNING] value is same @ https://static.urbanclap.com/dist-product-web/client/orion-9afc0bcaa656317a1604.js:162
[   64853ms] [WARNING] value is same @ https://static.urbanclap.com/dist-product-web/client/orion-9afc0bcaa656317a1604.js:162
[   64853ms] [WARNING] value is same @ https://static.urbanclap.com/dist-product-web/client/orion-9afc0bcaa656317a1604.js:162
[   64853ms] [WARNING] value is same @ https://static.urbanclap.com/dist-product-web/client/orion-9afc0bcaa656317a1604.js:162
[   64853ms] [WARNING] value is same @ https://static.urbanclap.com/dist-product-web/client/orion-9afc0bcaa656317a1604.js:162
[   64853ms] [WARNING] value is same @ https://static.urbanclap.com/dist-product-web/client/orion-9afc0bcaa656317a1604.js:162
[   64853ms] [WARNING] value is same @ https://static.urbanclap.com/dist-product-web/client/orion-9afc0bcaa656317a1604.js:162
[   64853ms] [WARNING] value is same @ https://static.urbanclap.com/dist-product-web/client/orion-9afc0bcaa656317a1604.js:162
[   64853ms] [WARNING] value is same @ https://static.urbanclap.com/dist-product-web/client/orion-9afc0bcaa656317a1604.js:162
[   64853ms] [WARNING] value is same @ https://static.urbanclap.com/dist-product-web/client/orion-9afc0bcaa656317a1604.js:162
[   64853ms] [WARNING] value is same @ https://static.urbanclap.com/dist-product-web/client/orion-9afc0bcaa656317a1604.js:162
[   64853ms] [WARNING] value is same @ https://static.urbanclap.com/dist-product-web/client/orion-9afc0bcaa656317a1604.js:162
[   64853ms] [WARNING] value is same @ https://static.urbanclap.com/dist-product-web/client/orion-9afc0bcaa656317a1604.js:162
[   64853ms] [WARNING] value is same @ https://static.urbanclap.com/dist-product-web/client/orion-9afc0bcaa656317a1604.js:162
[   64853ms] [WARNING] value is same @ https://static.urbanclap.com/dist-product-web/client/orion-9afc0bcaa656317a1604.js:162
[   64853ms] [WARNING] value is same @ https://static.urbanclap.com/dist-product-web/client/orion-9afc0bcaa656317a1604.js:162
[   64853ms] [WARNING] value is same @ https://static.urbanclap.com/dist-product-web/client/orion-9afc0bcaa656317a1604.js:162
[   68633ms] [WARNING] value is same @ https://static.urbanclap.com/dist-product-web/client/orion-9afc0bcaa656317a1604.js:162
[   78270ms] [WARNING] value is same @ https://static.urbanclap.com/dist-product-web/client/orion-9afc0bcaa656317a1604.js:162
[   78627ms] [WARNING] value is same @ https://static.urbanclap.com/dist-product-web/client/orion-9afc0bcaa656317a1604.js:162
[   78650ms] [WARNING] value is same @ https://static.urbanclap.com/dist-product-web/client/orion-9afc0bcaa656317a1604.js:162
[   83303ms] [WARNING] Google Maps JavaScript API has been loaded directly without loading=async. This can result in suboptimal performance. For best-practice loading patterns please see https://goo.gle/js-api-loading @ https://maps.googleapis.com/maps/api/js?key=AIzaSyBltEHH1NSb-gS9fT0Jx48cQw59vOH_jH0&libraries=places,geometry&callback=initUcMaps&language=en&region=US:2505
[   90702ms] [WARNING] value is same @ https://static.urbanclap.com/dist-product-web/client/orion-9afc0bcaa656317a1604.js:162
[   90702ms] [WARNING] value is same @ https://static.urbanclap.com/dist-product-web/client/orion-9afc0bcaa656317a1604.js:162
[   90734ms] [WARNING] value is same @ https://static.urbanclap.com/dist-product-web/client/orion-9afc0bcaa656317a1604.js:162
[   90737ms] Uncaught (in promise) ReferenceError: Cannot access 'r' before initialization
    at <anonymous> (https://static.urbanclap.com/dist-product-web/client/orion-9afc0bcaa656317a1604.js:142:2516)
    at <anonymous> (https://static.urbanclap.com/dist-product-web/client/orion-9afc0bcaa656317a1604.js:142:2437)
    at execute (https://static.urbanclap.com/dist-product-web/client/orion-9afc0bcaa656317a1604.js:142:2420)
    at <anonymous> (https://static.urbanclap.com/dist-product-web/client/orion-9afc0bcaa656317a1604.js:162:7547)
    at <anonymous> (https://static.urbanclap.com/dist-product-web/client/orion-9afc0bcaa656317a1604.js:162:7577)
    at st (https://static.urbanclap.com/dist-product-web/client/MF-CustomerRequestJourney-a313ef4e854c7bfd381e.js:0:30556)
[   91123ms] Uncaught (in promise) ReferenceError: Cannot access 'r' before initialization
    at <anonymous> (https://static.urbanclap.com/dist-product-web/client/orion-9afc0bcaa656317a1604.js:142:2516)
    at <anonymous> (https://static.urbanclap.com/dist-product-web/client/orion-9afc0bcaa656317a1604.js:142:2437)
    at execute (https://static.urbanclap.com/dist-product-web/client/orion-9afc0bcaa656317a1604.js:142:2420)
    at <anonymous> (https://static.urbanclap.com/dist-product-web/client/orion-9afc0bcaa656317a1604.js:162:7547)
    at <anonymous> (https://static.urbanclap.com/dist-product-web/client/orion-9afc0bcaa656317a1604.js:162:7577)
    at S (https://static.urbanclap.com/dist-product-web/client/MF-Homescreen-a7ab2be6d2dcf8515830.js:0:63989)
    at y (https://static.urbanclap.com/dist-product-web/client/MF-Homescreen-a7ab2be6d2dcf8515830.js:0:64303)
    at flexibleJourneyUpdate (https://static.urbanclap.com/dist-product-web/client/MF-Homescreen-a7ab2be6d2dcf8515830.js:0:29044)
    at <anonymous> (https://static.urbanclap.com/dist-product-web/client/orion-9afc0bcaa656317a1604.js:162:13650)
    at <anonymous> (https://static.urbanclap.com/dist-product-web/client/orion-9afc0bcaa656317a1604.js:0:107087)
    at <anonymous> (https://static.urbanclap.com/dist-product-web/client/orion-9afc0bcaa656317a1604.js:0:107064)
    at <anonymous> (https://static.urbanclap.com/dist-product-web/client/orion-9afc0bcaa656317a1604.js:167:38377)
    at st (https://static.urbanclap.com/dist-product-web/client/MF-CustomerRequestJourney-a313ef4e854c7bfd381e.js:0:33180)
[   91843ms] [WARNING] value is same @ https://static.urbanclap.com/dist-product-web/client/orion-9afc0bcaa656317a1604.js:162
[   91843ms] [WARNING] value is same @ https://static.urbanclap.com/dist-product-web/client/orion-9afc0bcaa656317a1604.js:162
[   91843ms] [WARNING] value is same @ https://static.urbanclap.com/dist-product-web/client/orion-9afc0bcaa656317a1604.js:162
[   91843ms] [WARNING] value is same @ https://static.urbanclap.com/dist-product-web/client/orion-9afc0bcaa656317a1604.js:162
[   91843ms] [WARNING] value is same @ https://static.urbanclap.com/dist-product-web/client/orion-9afc0bcaa656317a1604.js:162
[   91843ms] [WARNING] value is same @ https://static.urbanclap.com/dist-product-web/client/orion-9afc0bcaa656317a1604.js:162
[   91843ms] [WARNING] value is same @ https://static.urbanclap.com/dist-product-web/client/orion-9afc0bcaa656317a1604.js:162
[   91843ms] [WARNING] value is same @ https://static.urbanclap.com/dist-product-web/client/orion-9afc0bcaa656317a1604.js:162
[   91843ms] [WARNING] value is same @ https://static.urbanclap.com/dist-product-web/client/orion-9afc0bcaa656317a1604.js:162
[   91843ms] [WARNING] value is same @ https://static.urbanclap.com/dist-product-web/client/orion-9afc0bcaa656317a1604.js:162
[   91843ms] [WARNING] value is same @ https://static.urbanclap.com/dist-product-web/client/orion-9afc0bcaa656317a1604.js:162
[   91843ms] [WARNING] value is same @ https://static.urbanclap.com/dist-product-web/client/orion-9afc0bcaa656317a1604.js:162
[   91843ms] [WARNING] value is same @ https://static.urbanclap.com/dist-product-web/client/orion-9afc0bcaa656317a1604.js:162
[   91843ms] [WARNING] value is same @ https://static.urbanclap.com/dist-product-web/client/orion-9afc0bcaa656317a1604.js:162
[   91843ms] [WARNING] value is same @ https://static.urbanclap.com/dist-product-web/client/orion-9afc0bcaa656317a1604.js:162
[   91843ms] [WARNING] value is same @ https://static.urbanclap.com/dist-product-web/client/orion-9afc0bcaa656317a1604.js:162
[   91843ms] [WARNING] value is same @ https://static.urbanclap.com/dist-product-web/client/orion-9afc0bcaa656317a1604.js:162
[   91843ms] [WARNING] value is same @ https://static.urbanclap.com/dist-product-web/client/orion-9afc0bcaa656317a1604.js:162
[   91843ms] [WARNING] value is same @ https://static.urbanclap.com/dist-product-web/client/orion-9afc0bcaa656317a1604.js:162
[   91843ms] [WARNING] value is same @ https://static.urbanclap.com/dist-product-web/client/orion-9afc0bcaa656317a1604.js:162
[   91843ms] [WARNING] value is same @ https://static.urbanclap.com/dist-product-web/client/orion-9afc0bcaa656317a1604.js:162
[   91844ms] [WARNING] value is same @ https://static.urbanclap.com/dist-product-web/client/orion-9afc0bcaa656317a1604.js:162
[   91844ms] [WARNING] value is same @ https://static.urbanclap.com/dist-product-web/client/orion-9afc0bcaa656317a1604.js:162
[   91844ms] [WARNING] value is same @ https://static.urbanclap.com/dist-product-web/client/orion-9afc0bcaa656317a1604.js:162
[   91844ms] [WARNING] value is same @ https://static.urbanclap.com/dist-product-web/client/orion-9afc0bcaa656317a1604.js:162
[   91844ms] [WARNING] value is same @ https://static.urbanclap.com/dist-product-web/client/orion-9afc0bcaa656317a1604.js:162
[   91844ms] [WARNING] value is same @ https://static.urbanclap.com/dist-product-web/client/orion-9afc0bcaa656317a1604.js:162
[   91844ms] [WARNING] value is same @ https://static.urbanclap.com/dist-product-web/client/orion-9afc0bcaa656317a1604.js:162
[   91844ms] [WARNING] value is same @ https://static.urbanclap.com/dist-product-web/client/orion-9afc0bcaa656317a1604.js:162
[   91844ms] [WARNING] value is same @ https://static.urbanclap.com/dist-product-web/client/orion-9afc0bcaa656317a1604.js:162
[   91844ms] [WARNING] value is same @ https://static.urbanclap.com/dist-product-web/client/orion-9afc0bcaa656317a1604.js:162
[   91844ms] [WARNING] value is same @ https://static.urbanclap.com/dist-product-web/client/orion-9afc0bcaa656317a1604.js:162
[   91844ms] [WARNING] value is same @ https://static.urbanclap.com/dist-product-web/client/orion-9afc0bcaa656317a1604.js:162
[   91844ms] [WARNING] value is same @ https://static.urbanclap.com/dist-product-web/client/orion-9afc0bcaa656317a1604.js:162
[   91844ms] [WARNING] value is same @ https://static.urbanclap.com/dist-product-web/client/orion-9afc0bcaa656317a1604.js:162
[   91844ms] [WARNING] value is same @ https://static.urbanclap.com/dist-product-web/client/orion-9afc0bcaa656317a1604.js:162
[   91844ms] [WARNING] value is same @ https://static.urbanclap.com/dist-product-web/client/orion-9afc0bcaa656317a1604.js:162
[   91844ms] [WARNING] value is same @ https://static.urbanclap.com/dist-product-web/client/orion-9afc0bcaa656317a1604.js:162
[   91844ms] [WARNING] value is same @ https://static.urbanclap.com/dist-product-web/client/orion-9afc0bcaa656317a1604.js:162
[   91844ms] [WARNING] value is same @ https://static.urbanclap.com/dist-product-web/client/orion-9afc0bcaa656317a1604.js:162
[   91844ms] [WARNING] value is same @ https://static.urbanclap.com/dist-product-web/client/orion-9afc0bcaa656317a1604.js:162
[   91844ms] [WARNING] value is same @ https://static.urbanclap.com/dist-product-web/client/orion-9afc0bcaa656317a1604.js:162
[   91844ms] [WARNING] value is same @ https://static.urbanclap.com/dist-product-web/client/orion-9afc0bcaa656317a1604.js:162
[   91844ms] [WARNING] value is same @ https://static.urbanclap.com/dist-product-web/client/orion-9afc0bcaa656317a1604.js:162
[   91844ms] [WARNING] value is same @ https://static.urbanclap.com/dist-product-web/client/orion-9afc0bcaa656317a1604.js:162
[   91844ms] [WARNING] value is same @ https://static.urbanclap.com/dist-product-web/client/orion-9afc0bcaa656317a1604.js:162
[   91844ms] [WARNING] value is same @ https://static.urbanclap.com/dist-product-web/client/orion-9afc0bcaa656317a1604.js:162
[   91844ms] [WARNING] value is same @ https://static.urbanclap.com/dist-product-web/client/orion-9afc0bcaa656317a1604.js:162
[   91844ms] [WARNING] value is same @ https://static.urbanclap.com/dist-product-web/client/orion-9afc0bcaa656317a1604.js:162
[   91844ms] [WARNING] value is same @ https://static.urbanclap.com/dist-product-web/client/orion-9afc0bcaa656317a1604.js:162
[   91844ms] [WARNING] value is same @ https://static.urbanclap.com/dist-product-web/client/orion-9afc0bcaa656317a1604.js:162
[   91844ms] [WARNING] value is same @ https://static.urbanclap.com/dist-product-web/client/orion-9afc0bcaa656317a1604.js:162
[   91844ms] [WARNING] value is same @ https://static.urbanclap.com/dist-product-web/client/orion-9afc0bcaa656317a1604.js:162
[   91844ms] [WARNING] value is same @ https://static.urbanclap.com/dist-product-web/client/orion-9afc0bcaa656317a1604.js:162
[   91844ms] [WARNING] value is same @ https://static.urbanclap.com/dist-product-web/client/orion-9afc0bcaa656317a1604.js:162
[   91844ms] [WARNING] value is same @ https://static.urbanclap.com/dist-product-web/client/orion-9afc0bcaa656317a1604.js:162
[   91844ms] [WARNING] value is same @ https://static.urbanclap.com/dist-product-web/client/orion-9afc0bcaa656317a1604.js:162
[   91844ms] [WARNING] value is same @ https://static.urbanclap.com/dist-product-web/client/orion-9afc0bcaa656317a1604.js:162
[   91844ms] [WARNING] value is same @ https://static.urbanclap.com/dist-product-web/client/orion-9afc0bcaa656317a1604.js:162
[   91844ms] [WARNING] value is same @ https://static.urbanclap.com/dist-product-web/client/orion-9afc0bcaa656317a1604.js:162
[   91844ms] [WARNING] value is same @ https://static.urbanclap.com/dist-product-web/client/orion-9afc0bcaa656317a1604.js:162
[   91845ms] [WARNING] value is same @ https://static.urbanclap.com/dist-product-web/client/orion-9afc0bcaa656317a1604.js:162
[   91845ms] [WARNING] value is same @ https://static.urbanclap.com/dist-product-web/client/orion-9afc0bcaa656317a1604.js:162
[   91845ms] [WARNING] value is same @ https://static.urbanclap.com/dist-product-web/client/orion-9afc0bcaa656317a1604.js:162
[   91845ms] [WARNING] value is same @ https://static.urbanclap.com/dist-product-web/client/orion-9afc0bcaa656317a1604.js:162
[   91845ms] [WARNING] value is same @ https://static.urbanclap.com/dist-product-web/client/orion-9afc0bcaa656317a1604.js:162
[   91845ms] [WARNING] value is same @ https://static.urbanclap.com/dist-product-web/client/orion-9afc0bcaa656317a1604.js:162
[   91845ms] [WARNING] value is same @ https://static.urbanclap.com/dist-product-web/client/orion-9afc0bcaa656317a1604.js:162
[   91845ms] [WARNING] value is same @ https://static.urbanclap.com/dist-product-web/client/orion-9afc0bcaa656317a1604.js:162
[   91845ms] [WARNING] value is same @ https://static.urbanclap.com/dist-product-web/client/orion-9afc0bcaa656317a1604.js:162
[   91845ms] [WARNING] value is same @ https://static.urbanclap.com/dist-product-web/client/orion-9afc0bcaa656317a1604.js:162
[   91845ms] [WARNING] value is same @ https://static.urbanclap.com/dist-product-web/client/orion-9afc0bcaa656317a1604.js:162
[   91845ms] [WARNING] value is same @ https://static.urbanclap.com/dist-product-web/client/orion-9afc0bcaa656317a1604.js:162
[   91845ms] [WARNING] value is same @ https://static.urbanclap.com/dist-product-web/client/orion-9afc0bcaa656317a1604.js:162
[   91845ms] [WARNING] value is same @ https://static.urbanclap.com/dist-product-web/client/orion-9afc0bcaa656317a1604.js:162
[   91845ms] [WARNING] value is same @ https://static.urbanclap.com/dist-product-web/client/orion-9afc0bcaa656317a1604.js:162
[   91845ms] [WARNING] value is same @ https://static.urbanclap.com/dist-product-web/client/orion-9afc0bcaa656317a1604.js:162
[   91845ms] [WARNING] value is same @ https://static.urbanclap.com/dist-product-web/client/orion-9afc0bcaa656317a1604.js:162
[   91845ms] [WARNING] value is same @ https://static.urbanclap.com/dist-product-web/client/orion-9afc0bcaa656317a1604.js:162
[   91845ms] [WARNING] value is same @ https://static.urbanclap.com/dist-product-web/client/orion-9afc0bcaa656317a1604.js:162
[   91845ms] [WARNING] value is same @ https://static.urbanclap.com/dist-product-web/client/orion-9afc0bcaa656317a1604.js:162
[   91845ms] [WARNING] value is same @ https://static.urbanclap.com/dist-product-web/client/orion-9afc0bcaa656317a1604.js:162
[   91887ms] Uncaught (in promise) ReferenceError: Cannot access 'r' before initialization
    at <anonymous> (https://static.urbanclap.com/dist-product-web/client/orion-9afc0bcaa656317a1604.js:142:2516)
    at <anonymous> (https://static.urbanclap.com/dist-product-web/client/orion-9afc0bcaa656317a1604.js:142:2437)
    at execute (https://static.urbanclap.com/dist-product-web/client/orion-9afc0bcaa656317a1604.js:142:2420)
    at <anonymous> (https://static.urbanclap.com/dist-product-web/client/orion-9afc0bcaa656317a1604.js:162:7547)
    at <anonymous> (https://static.urbanclap.com/dist-product-web/client/orion-9afc0bcaa656317a1604.js:162:7577)
    at C (https://static.urbanclap.com/dist-product-web/client/1003-85f413c1c9f090808bcb.js:149:431917)
    at v (https://static.urbanclap.com/dist-product-web/client/1003-85f413c1c9f090808bcb.js:149:431469)
