[  -10771ms] [WARNING] [Cloudflare Turnstile] Unable to find onload callback 'onloadTurnstileCallback' immediately after loading, expected 'function', got 'undefined'. @ https://challenges.cloudflare.com/turnstile/v0/api.js?onload=onloadTurnstileCallback:0
[   -9813ms] [WARNING] Theme not initialized, using default theme as mobile @ https://static.urbanclap.com/dist-product-web/client/76354-3d7274a034cd4498d5f4.js:0
[   -9807ms] [WARNING] Theme not initialized, using default theme as mobile @ https://static.urbanclap.com/dist-product-web/client/76354-3d7274a034cd4498d5f4.js:0
[   -9744ms] [WARNING] Animated: `useNativeDriver` is not supported because the native animated module is missing. Falling back to JS-based animation. To resolve this, add `RCTAnimation` module to this app, or remove `useNativeDriver`. Make sure to run `bundle exec pod install` first. Read more about autolinking: https://github.com/react-native-community/cli/blob/master/docs/autolinking.md @ https://static.urbanclap.com/dist-product-web/client/41283-77fe7b3caabf2a53630e.js:0
[   -9527ms] [WARNING] [Cloudflare Turnstile] Unable to find onload callback 'onloadTurnstileCallback' after 1 second, expected 'function', got 'undefined'. @ https://challenges.cloudflare.com/turnstile/v0/api.js?onload=onloadTurnstileCallback:0
[   -8013ms] [LOG] countryId IND @ https://static.urbanclap.com/dist-product-web/client/1003-85f413c1c9f090808bcb.js:149
[   22901ms] Uncaught (in promise) ReferenceError: Cannot access 'r' before initialization
    at <anonymous> (https://static.urbanclap.com/dist-product-web/client/orion-9afc0bcaa656317a1604.js:142:2516)
    at <anonymous> (https://static.urbanclap.com/dist-product-web/client/orion-9afc0bcaa656317a1604.js:142:2437)
    at execute (https://static.urbanclap.com/dist-product-web/client/orion-9afc0bcaa656317a1604.js:142:2420)
    at <anonymous> (https://static.urbanclap.com/dist-product-web/client/orion-9afc0bcaa656317a1604.js:162:7547)
    at <anonymous> (https://static.urbanclap.com/dist-product-web/client/orion-9afc0bcaa656317a1604.js:162:7577)
    at S (https://static.urbanclap.com/dist-product-web/client/1003-85f413c1c9f090808bcb.js:149:78279)
[   33082ms] [WARNING] value is same @ https://static.urbanclap.com/dist-product-web/client/orion-9afc0bcaa656317a1604.js:162
[   33082ms] [WARNING] value is same @ https://static.urbanclap.com/dist-product-web/client/orion-9afc0bcaa656317a1604.js:162
[   33082ms] [WARNING] value is same @ https://static.urbanclap.com/dist-product-web/client/orion-9afc0bcaa656317a1604.js:162
[   33082ms] [WARNING] value is same @ https://static.urbanclap.com/dist-product-web/client/orion-9afc0bcaa656317a1604.js:162
[   33082ms] [WARNING] value is same @ https://static.urbanclap.com/dist-product-web/client/orion-9afc0bcaa656317a1604.js:162
[   33082ms] [WARNING] value is same @ https://static.urbanclap.com/dist-product-web/client/orion-9afc0bcaa656317a1604.js:162
[   33082ms] [WARNING] value is same @ https://static.urbanclap.com/dist-product-web/client/orion-9afc0bcaa656317a1604.js:162
[   33082ms] [WARNING] value is same @ https://static.urbanclap.com/dist-product-web/client/orion-9afc0bcaa656317a1604.js:162
[   33082ms] [WARNING] value is same @ https://static.urbanclap.com/dist-product-web/client/orion-9afc0bcaa656317a1604.js:162
[   33082ms] [WARNING] value is same @ https://static.urbanclap.com/dist-product-web/client/orion-9afc0bcaa656317a1604.js:162
[   33082ms] [WARNING] value is same @ https://static.urbanclap.com/dist-product-web/client/orion-9afc0bcaa656317a1604.js:162
[   33082ms] [WARNING] value is same @ https://static.urbanclap.com/dist-product-web/client/orion-9afc0bcaa656317a1604.js:162
[   35991ms] [WARNING] value is same @ https://static.urbanclap.com/dist-product-web/client/orion-9afc0bcaa656317a1604.js:162
[   43902ms] [WARNING] [Cloudflare Turnstile] Unable to find onload callback 'onloadTurnstileCallback' immediately after loading, expected 'function', got 'undefined'. @ https://challenges.cloudflare.com/turnstile/v0/api.js?onload=onloadTurnstileCallback:0
[   44650ms] [WARNING] Animated: `useNativeDriver` is not supported because the native animated module is missing. Falling back to JS-based animation. To resolve this, add `RCTAnimation` module to this app, or remove `useNativeDriver`. Make sure to run `bundle exec pod install` first. Read more about autolinking: https://github.com/react-native-community/cli/blob/master/docs/autolinking.md @ https://static.urbanclap.com/dist-product-web/client/41283-77fe7b3caabf2a53630e.js:0
